The system is: Linux - 3.10.0-1160.66.1.el7.x86_64 - x86_64
Compiling the C compiler identification source file "CMakeCCompilerId.c" succeeded.
Compiler: /gpfs/commons/home/cangel/anaconda3/bin/x86_64-conda-linux-gnu-cc 
Build flags: -march=nocona;-mtune=haswell;-ftree-vectorize;-fPIC;-fstack-protector-strong;-fno-plt;-O2;-ffunction-sections;-pipe;-isystem;/gpfs/commons/home/cangel/anaconda3/include
Id flags:  

The output was:
0


Compilation of the C compiler identification source "CMakeCCompilerId.c" produced "a.out"

The C compiler identification is GNU, found in "/gpfs/commons/home/cangel/g2lab/projects/01_12_23_highResolutionHiC/scripts/C++/pcSAC_debug_101223/build/CMakeFiles/3.8.0/CompilerIdC/a.out"

Compiling the CXX compiler identification source file "CMakeCXXCompilerId.cpp" succeeded.
Compiler: /gpfs/commons/home/cangel/anaconda3/bin/x86_64-conda-linux-gnu-c++ 
Build flags: ;-std=c++11
Id flags: -c 

The output was:
0


Compilation of the CXX compiler identification source "CMakeCXXCompilerId.cpp" produced "CMakeCXXCompilerId.o"

The CXX compiler identification is GNU, found in "/gpfs/commons/home/cangel/g2lab/projects/01_12_23_highResolutionHiC/scripts/C++/pcSAC_debug_101223/build/CMakeFiles/3.8.0/CompilerIdCXX/CMakeCXXCompilerId.o"

Determining if the C compiler works passed with the following output:
Change Dir: /gpfs/commons/home/cangel/g2lab/projects/01_12_23_highResolutionHiC/scripts/C++/pcSAC_debug_101223/build/CMakeFiles/CMakeTmp

Run Build Command:"/usr/bin/gmake" "cmTC_25010/fast"
/usr/bin/gmake -f CMakeFiles/cmTC_25010.dir/build.make CMakeFiles/cmTC_25010.dir/build
gmake[1]: Entering directory `/gpfs/commons/groups/gursoy_lab/cangel/projects/01_12_23_highResolutionHiC/scripts/C++/pcSAC_debug_101223/build/CMakeFiles/CMakeTmp'
Building C object CMakeFiles/cmTC_25010.dir/testCCompiler.c.o
/gpfs/commons/home/cangel/anaconda3/bin/x86_64-conda-linux-gnu-cc   -march=nocona -mtune=haswell -ftree-vectorize -fPIC -fstack-protector-strong -fno-plt -O2 -ffunction-sections -pipe -isystem /gpfs/commons/home/cangel/anaconda3/include    -o CMakeFiles/cmTC_25010.dir/testCCompiler.c.o   -c /gpfs/commons/home/cangel/g2lab/projects/01_12_23_highResolutionHiC/scripts/C++/pcSAC_debug_101223/build/CMakeFiles/CMakeTmp/testCCompiler.c
Linking C executable cmTC_25010
/nfs/sw/cmake/cmake-3.8.0/bin/cmake -E cmake_link_script CMakeFiles/cmTC_25010.dir/link.txt --verbose=1
/gpfs/commons/home/cangel/anaconda3/bin/x86_64-conda-linux-gnu-cc -march=nocona -mtune=haswell -ftree-vectorize -fPIC -fstack-protector-strong -fno-plt -O2 -ffunction-sections -pipe -isystem /gpfs/commons/home/cangel/anaconda3/include   -Wl,-O2 -Wl,--sort-common -Wl,--as-needed -Wl,-z,relro -Wl,-z,now -Wl,--disable-new-dtags -Wl,--gc-sections -Wl,-rpath,/gpfs/commons/home/cangel/anaconda3/lib -Wl,-rpath-link,/gpfs/commons/home/cangel/anaconda3/lib -L/gpfs/commons/home/cangel/anaconda3/lib  -rdynamic CMakeFiles/cmTC_25010.dir/testCCompiler.c.o  -o cmTC_25010 
gmake[1]: Leaving directory `/gpfs/commons/groups/gursoy_lab/cangel/projects/01_12_23_highResolutionHiC/scripts/C++/pcSAC_debug_101223/build/CMakeFiles/CMakeTmp'


Detecting C compiler ABI info compiled with the following output:
Change Dir: /gpfs/commons/home/cangel/g2lab/projects/01_12_23_highResolutionHiC/scripts/C++/pcSAC_debug_101223/build/CMakeFiles/CMakeTmp

Run Build Command:"/usr/bin/gmake" "cmTC_33a11/fast"
/usr/bin/gmake -f CMakeFiles/cmTC_33a11.dir/build.make CMakeFiles/cmTC_33a11.dir/build
gmake[1]: Entering directory `/gpfs/commons/groups/gursoy_lab/cangel/projects/01_12_23_highResolutionHiC/scripts/C++/pcSAC_debug_101223/build/CMakeFiles/CMakeTmp'
Building C object CMakeFiles/cmTC_33a11.dir/CMakeCCompilerABI.c.o
/gpfs/commons/home/cangel/anaconda3/bin/x86_64-conda-linux-gnu-cc   -march=nocona -mtune=haswell -ftree-vectorize -fPIC -fstack-protector-strong -fno-plt -O2 -ffunction-sections -pipe -isystem /gpfs/commons/home/cangel/anaconda3/include    -o CMakeFiles/cmTC_33a11.dir/CMakeCCompilerABI.c.o   -c /nfs/sw/cmake/cmake-3.8.0/share/cmake-3.8/Modules/CMakeCCompilerABI.c
Linking C executable cmTC_33a11
/nfs/sw/cmake/cmake-3.8.0/bin/cmake -E cmake_link_script CMakeFiles/cmTC_33a11.dir/link.txt --verbose=1
/gpfs/commons/home/cangel/anaconda3/bin/x86_64-conda-linux-gnu-cc -march=nocona -mtune=haswell -ftree-vectorize -fPIC -fstack-protector-strong -fno-plt -O2 -ffunction-sections -pipe -isystem /gpfs/commons/home/cangel/anaconda3/include   -Wl,-O2 -Wl,--sort-common -Wl,--as-needed -Wl,-z,relro -Wl,-z,now -Wl,--disable-new-dtags -Wl,--gc-sections -Wl,-rpath,/gpfs/commons/home/cangel/anaconda3/lib -Wl,-rpath-link,/gpfs/commons/home/cangel/anaconda3/lib -L/gpfs/commons/home/cangel/anaconda3/lib -v -rdynamic CMakeFiles/cmTC_33a11.dir/CMakeCCompilerABI.c.o  -o cmTC_33a11 
Reading specs from /gpfs/commons/home/cangel/anaconda3/bin/../lib/gcc/x86_64-conda-linux-gnu/11.2.0/specs
COLLECT_GCC=/gpfs/commons/home/cangel/anaconda3/bin/x86_64-conda-linux-gnu-cc
COLLECT_LTO_WRAPPER=/gpfs/commons/home/cangel/anaconda3/bin/../libexec/gcc/x86_64-conda-linux-gnu/11.2.0/lto-wrapper
Target: x86_64-conda-linux-gnu
Configured with: /opt/conda/conda-bld/gcc-compiler_1654084175708/work/gcc/configure --build=x86_64-build_conda-linux-gnu --host=x86_64-build_conda-linux-gnu --target=x86_64-conda-linux-gnu --prefix=/opt/conda/conda-bld/gcc-compiler_1654084175708/work/gcc_built --exec_prefix=/opt/conda/conda-bld/gcc-compiler_1654084175708/work/gcc_built --with-sysroot=/opt/conda/conda-bld/gcc-compiler_1654084175708/work/gcc_built/x86_64-conda-linux-gnu/sysroot --with-local-prefix=/opt/conda/conda-bld/gcc-compiler_1654084175708/work/gcc_built/x86_64-conda-linux-gnu/sysroot --enable-long-long --disable-multilib --disable-nls --with-gmp=/opt/conda/conda-bld/gcc-compiler_1654084175708/work/buildtools --with-mpfr=/opt/conda/conda-bld/gcc-compiler_1654084175708/work/buildtools --with-mpc=/opt/conda/conda-bld/gcc-compiler_1654084175708/work/buildtools --with-isl=/opt/conda/conda-bld/gcc-compiler_1654084175708/work/buildtools --without-zstd --enable-languages=c,c++,fortran,objc,obj-c++ --enable-__cxa_atexit --disable-libmudflap --enable-libgomp --enable-libquadmath --enable-libquadmath-support --enable-libsanitizer --disable-libstdcxx-verbose --enable-lto --enable-libcc1 --enable-threads=posix --enable-plugin --with-pkgversion='Anaconda gcc' --enable-libmpx
Thread model: posix
Supported LTO compression algorithms: zlib
gcc version 11.2.0 (Anaconda gcc) 
COMPILER_PATH=/gpfs/commons/home/cangel/anaconda3/bin/../libexec/gcc/x86_64-conda-linux-gnu/11.2.0/:/gpfs/commons/home/cangel/anaconda3/bin/../libexec/gcc/:/gpfs/commons/home/cangel/anaconda3/bin/../lib/gcc/x86_64-conda-linux-gnu/11.2.0/../../../../x86_64-conda-linux-gnu/bin/
LIBRARY_PATH=/gpfs/commons/home/cangel/anaconda3/bin/../lib/gcc/x86_64-conda-linux-gnu/11.2.0/:/gpfs/commons/home/cangel/anaconda3/bin/../lib/gcc/:/gpfs/commons/home/cangel/anaconda3/bin/../lib/gcc/x86_64-conda-linux-gnu/11.2.0/../../../../x86_64-conda-linux-gnu/lib/../lib64/:/gpfs/commons/home/cangel/anaconda3/bin/../x86_64-conda-linux-gnu/sysroot/lib/../lib64/:/gpfs/commons/home/cangel/anaconda3/bin/../x86_64-conda-linux-gnu/sysroot/usr/lib/../lib64/:/gpfs/commons/home/cangel/anaconda3/bin/../lib/gcc/x86_64-conda-linux-gnu/11.2.0/../../../../x86_64-conda-linux-gnu/lib/:/gpfs/commons/home/cangel/anaconda3/bin/../x86_64-conda-linux-gnu/sysroot/lib/:/gpfs/commons/home/cangel/anaconda3/bin/../x86_64-conda-linux-gnu/sysroot/usr/lib/
COLLECT_GCC_OPTIONS='-march=nocona' '-mtune=haswell' '-ftree-vectorize' '-fPIC' '-fstack-protector-strong' '-fno-plt' '-O2' '-ffunction-sections' '-pipe' '-isystem' '/gpfs/commons/home/cangel/anaconda3/include' '-L/gpfs/commons/home/cangel/anaconda3/lib' '-v' '-rdynamic' '-o' 'cmTC_33a11' '-dumpdir' 'cmTC_33a11.'
 /gpfs/commons/home/cangel/anaconda3/bin/../libexec/gcc/x86_64-conda-linux-gnu/11.2.0/collect2 -plugin /gpfs/commons/home/cangel/anaconda3/bin/../libexec/gcc/x86_64-conda-linux-gnu/11.2.0/liblto_plugin.so -plugin-opt=/gpfs/commons/home/cangel/anaconda3/bin/../libexec/gcc/x86_64-conda-linux-gnu/11.2.0/lto-wrapper -plugin-opt=-fresolution=/scratch/ccCyEpsX.res -plugin-opt=-pass-through=-lgcc -plugin-opt=-pass-through=-lgcc_s -plugin-opt=-pass-through=-lc -plugin-opt=-pass-through=-lgcc -plugin-opt=-pass-through=-lgcc_s --sysroot=/gpfs/commons/home/cangel/anaconda3/bin/../x86_64-conda-linux-gnu/sysroot --eh-frame-hdr -m elf_x86_64 -export-dynamic -dynamic-linker /lib64/ld-linux-x86-64.so.2 -o cmTC_33a11 /gpfs/commons/home/cangel/anaconda3/bin/../x86_64-conda-linux-gnu/sysroot/usr/lib/../lib64/crt1.o /gpfs/commons/home/cangel/anaconda3/bin/../x86_64-conda-linux-gnu/sysroot/usr/lib/../lib64/crti.o /gpfs/commons/home/cangel/anaconda3/bin/../lib/gcc/x86_64-conda-linux-gnu/11.2.0/crtbegin.o -L/gpfs/commons/home/cangel/anaconda3/lib -L/gpfs/commons/home/cangel/anaconda3/bin/../lib/gcc/x86_64-conda-linux-gnu/11.2.0 -L/gpfs/commons/home/cangel/anaconda3/bin/../lib/gcc -L/gpfs/commons/home/cangel/anaconda3/bin/../lib/gcc/x86_64-conda-linux-gnu/11.2.0/../../../../x86_64-conda-linux-gnu/lib/../lib64 -L/gpfs/commons/home/cangel/anaconda3/bin/../x86_64-conda-linux-gnu/sysroot/lib/../lib64 -L/gpfs/commons/home/cangel/anaconda3/bin/../x86_64-conda-linux-gnu/sysroot/usr/lib/../lib64 -L/gpfs/commons/home/cangel/anaconda3/bin/../lib/gcc/x86_64-conda-linux-gnu/11.2.0/../../../../x86_64-conda-linux-gnu/lib -L/gpfs/commons/home/cangel/anaconda3/bin/../x86_64-conda-linux-gnu/sysroot/lib -L/gpfs/commons/home/cangel/anaconda3/bin/../x86_64-conda-linux-gnu/sysroot/usr/lib -rpath /gpfs/commons/home/cangel/anaconda3/lib -O2 --sort-common --as-needed -z relro -z now --disable-new-dtags --gc-sections -rpath /gpfs/commons/home/cangel/anaconda3/lib -rpath-link /gpfs/commons/home/cangel/anaconda3/lib CMakeFiles/cmTC_33a11.dir/CMakeCCompilerABI.c.o -lgcc --push-state --as-needed -lgcc_s --pop-state -lc -lgcc --push-state --as-needed -lgcc_s --pop-state /gpfs/commons/home/cangel/anaconda3/bin/../lib/gcc/x86_64-conda-linux-gnu/11.2.0/crtend.o /gpfs/commons/home/cangel/anaconda3/bin/../x86_64-conda-linux-gnu/sysroot/usr/lib/../lib64/crtn.o
COLLECT_GCC_OPTIONS='-march=nocona' '-mtune=haswell' '-ftree-vectorize' '-fPIC' '-fstack-protector-strong' '-fno-plt' '-O2' '-ffunction-sections' '-pipe' '-isystem' '/gpfs/commons/home/cangel/anaconda3/include' '-L/gpfs/commons/home/cangel/anaconda3/lib' '-v' '-rdynamic' '-o' 'cmTC_33a11' '-dumpdir' 'cmTC_33a11.'
gmake[1]: Leaving directory `/gpfs/commons/groups/gursoy_lab/cangel/projects/01_12_23_highResolutionHiC/scripts/C++/pcSAC_debug_101223/build/CMakeFiles/CMakeTmp'


Parsed C implicit link information from above output:
  link line regex: [^( *|.*[/\])(ld|([^/\]+-)?ld|collect2)[^/\]*( |$)]
  ignore line: [Change Dir: /gpfs/commons/home/cangel/g2lab/projects/01_12_23_highResolutionHiC/scripts/C++/pcSAC_debug_101223/build/CMakeFiles/CMakeTmp]
  ignore line: []
  ignore line: [Run Build Command:"/usr/bin/gmake" "cmTC_33a11/fast"]
  ignore line: [/usr/bin/gmake -f CMakeFiles/cmTC_33a11.dir/build.make CMakeFiles/cmTC_33a11.dir/build]
  ignore line: [gmake[1]: Entering directory `/gpfs/commons/groups/gursoy_lab/cangel/projects/01_12_23_highResolutionHiC/scripts/C++/pcSAC_debug_101223/build/CMakeFiles/CMakeTmp']
  ignore line: [Building C object CMakeFiles/cmTC_33a11.dir/CMakeCCompilerABI.c.o]
  ignore line: [/gpfs/commons/home/cangel/anaconda3/bin/x86_64-conda-linux-gnu-cc   -march=nocona -mtune=haswell -ftree-vectorize -fPIC -fstack-protector-strong -fno-plt -O2 -ffunction-sections -pipe -isystem /gpfs/commons/home/cangel/anaconda3/include    -o CMakeFiles/cmTC_33a11.dir/CMakeCCompilerABI.c.o   -c /nfs/sw/cmake/cmake-3.8.0/share/cmake-3.8/Modules/CMakeCCompilerABI.c]
  ignore line: [Linking C executable cmTC_33a11]
  ignore line: [/nfs/sw/cmake/cmake-3.8.0/bin/cmake -E cmake_link_script CMakeFiles/cmTC_33a11.dir/link.txt --verbose=1]
  ignore line: [/gpfs/commons/home/cangel/anaconda3/bin/x86_64-conda-linux-gnu-cc -march=nocona -mtune=haswell -ftree-vectorize -fPIC -fstack-protector-strong -fno-plt -O2 -ffunction-sections -pipe -isystem /gpfs/commons/home/cangel/anaconda3/include   -Wl,-O2 -Wl,--sort-common -Wl,--as-needed -Wl,-z,relro -Wl,-z,now -Wl,--disable-new-dtags -Wl,--gc-sections -Wl,-rpath,/gpfs/commons/home/cangel/anaconda3/lib -Wl,-rpath-link,/gpfs/commons/home/cangel/anaconda3/lib -L/gpfs/commons/home/cangel/anaconda3/lib -v -rdynamic CMakeFiles/cmTC_33a11.dir/CMakeCCompilerABI.c.o  -o cmTC_33a11 ]
  ignore line: [Reading specs from /gpfs/commons/home/cangel/anaconda3/bin/../lib/gcc/x86_64-conda-linux-gnu/11.2.0/specs]
  ignore line: [COLLECT_GCC=/gpfs/commons/home/cangel/anaconda3/bin/x86_64-conda-linux-gnu-cc]
  ignore line: [COLLECT_LTO_WRAPPER=/gpfs/commons/home/cangel/anaconda3/bin/../libexec/gcc/x86_64-conda-linux-gnu/11.2.0/lto-wrapper]
  ignore line: [Target: x86_64-conda-linux-gnu]
  ignore line: [Configured with: /opt/conda/conda-bld/gcc-compiler_1654084175708/work/gcc/configure --build=x86_64-build_conda-linux-gnu --host=x86_64-build_conda-linux-gnu --target=x86_64-conda-linux-gnu --prefix=/opt/conda/conda-bld/gcc-compiler_1654084175708/work/gcc_built --exec_prefix=/opt/conda/conda-bld/gcc-compiler_1654084175708/work/gcc_built --with-sysroot=/opt/conda/conda-bld/gcc-compiler_1654084175708/work/gcc_built/x86_64-conda-linux-gnu/sysroot --with-local-prefix=/opt/conda/conda-bld/gcc-compiler_1654084175708/work/gcc_built/x86_64-conda-linux-gnu/sysroot --enable-long-long --disable-multilib --disable-nls --with-gmp=/opt/conda/conda-bld/gcc-compiler_1654084175708/work/buildtools --with-mpfr=/opt/conda/conda-bld/gcc-compiler_1654084175708/work/buildtools --with-mpc=/opt/conda/conda-bld/gcc-compiler_1654084175708/work/buildtools --with-isl=/opt/conda/conda-bld/gcc-compiler_1654084175708/work/buildtools --without-zstd --enable-languages=c,c++,fortran,objc,obj-c++ --enable-__cxa_atexit --disable-libmudflap --enable-libgomp --enable-libquadmath --enable-libquadmath-support --enable-libsanitizer --disable-libstdcxx-verbose --enable-lto --enable-libcc1 --enable-threads=posix --enable-plugin --with-pkgversion='Anaconda gcc' --enable-libmpx]
  ignore line: [Thread model: posix]
  ignore line: [Supported LTO compression algorithms: zlib]
  ignore line: [gcc version 11.2.0 (Anaconda gcc) ]
  ignore line: [COMPILER_PATH=/gpfs/commons/home/cangel/anaconda3/bin/../libexec/gcc/x86_64-conda-linux-gnu/11.2.0/:/gpfs/commons/home/cangel/anaconda3/bin/../libexec/gcc/:/gpfs/commons/home/cangel/anaconda3/bin/../lib/gcc/x86_64-conda-linux-gnu/11.2.0/../../../../x86_64-conda-linux-gnu/bin/]
  ignore line: [LIBRARY_PATH=/gpfs/commons/home/cangel/anaconda3/bin/../lib/gcc/x86_64-conda-linux-gnu/11.2.0/:/gpfs/commons/home/cangel/anaconda3/bin/../lib/gcc/:/gpfs/commons/home/cangel/anaconda3/bin/../lib/gcc/x86_64-conda-linux-gnu/11.2.0/../../../../x86_64-conda-linux-gnu/lib/../lib64/:/gpfs/commons/home/cangel/anaconda3/bin/../x86_64-conda-linux-gnu/sysroot/lib/../lib64/:/gpfs/commons/home/cangel/anaconda3/bin/../x86_64-conda-linux-gnu/sysroot/usr/lib/../lib64/:/gpfs/commons/home/cangel/anaconda3/bin/../lib/gcc/x86_64-conda-linux-gnu/11.2.0/../../../../x86_64-conda-linux-gnu/lib/:/gpfs/commons/home/cangel/anaconda3/bin/../x86_64-conda-linux-gnu/sysroot/lib/:/gpfs/commons/home/cangel/anaconda3/bin/../x86_64-conda-linux-gnu/sysroot/usr/lib/]
  ignore line: [COLLECT_GCC_OPTIONS='-march=nocona' '-mtune=haswell' '-ftree-vectorize' '-fPIC' '-fstack-protector-strong' '-fno-plt' '-O2' '-ffunction-sections' '-pipe' '-isystem' '/gpfs/commons/home/cangel/anaconda3/include' '-L/gpfs/commons/home/cangel/anaconda3/lib' '-v' '-rdynamic' '-o' 'cmTC_33a11' '-dumpdir' 'cmTC_33a11.']
  link line: [ /gpfs/commons/home/cangel/anaconda3/bin/../libexec/gcc/x86_64-conda-linux-gnu/11.2.0/collect2 -plugin /gpfs/commons/home/cangel/anaconda3/bin/../libexec/gcc/x86_64-conda-linux-gnu/11.2.0/liblto_plugin.so -plugin-opt=/gpfs/commons/home/cangel/anaconda3/bin/../libexec/gcc/x86_64-conda-linux-gnu/11.2.0/lto-wrapper -plugin-opt=-fresolution=/scratch/ccCyEpsX.res -plugin-opt=-pass-through=-lgcc -plugin-opt=-pass-through=-lgcc_s -plugin-opt=-pass-through=-lc -plugin-opt=-pass-through=-lgcc -plugin-opt=-pass-through=-lgcc_s --sysroot=/gpfs/commons/home/cangel/anaconda3/bin/../x86_64-conda-linux-gnu/sysroot --eh-frame-hdr -m elf_x86_64 -export-dynamic -dynamic-linker /lib64/ld-linux-x86-64.so.2 -o cmTC_33a11 /gpfs/commons/home/cangel/anaconda3/bin/../x86_64-conda-linux-gnu/sysroot/usr/lib/../lib64/crt1.o /gpfs/commons/home/cangel/anaconda3/bin/../x86_64-conda-linux-gnu/sysroot/usr/lib/../lib64/crti.o /gpfs/commons/home/cangel/anaconda3/bin/../lib/gcc/x86_64-conda-linux-gnu/11.2.0/crtbegin.o -L/gpfs/commons/home/cangel/anaconda3/lib -L/gpfs/commons/home/cangel/anaconda3/bin/../lib/gcc/x86_64-conda-linux-gnu/11.2.0 -L/gpfs/commons/home/cangel/anaconda3/bin/../lib/gcc -L/gpfs/commons/home/cangel/anaconda3/bin/../lib/gcc/x86_64-conda-linux-gnu/11.2.0/../../../../x86_64-conda-linux-gnu/lib/../lib64 -L/gpfs/commons/home/cangel/anaconda3/bin/../x86_64-conda-linux-gnu/sysroot/lib/../lib64 -L/gpfs/commons/home/cangel/anaconda3/bin/../x86_64-conda-linux-gnu/sysroot/usr/lib/../lib64 -L/gpfs/commons/home/cangel/anaconda3/bin/../lib/gcc/x86_64-conda-linux-gnu/11.2.0/../../../../x86_64-conda-linux-gnu/lib -L/gpfs/commons/home/cangel/anaconda3/bin/../x86_64-conda-linux-gnu/sysroot/lib -L/gpfs/commons/home/cangel/anaconda3/bin/../x86_64-conda-linux-gnu/sysroot/usr/lib -rpath /gpfs/commons/home/cangel/anaconda3/lib -O2 --sort-common --as-needed -z relro -z now --disable-new-dtags --gc-sections -rpath /gpfs/commons/home/cangel/anaconda3/lib -rpath-link /gpfs/commons/home/cangel/anaconda3/lib CMakeFiles/cmTC_33a11.dir/CMakeCCompilerABI.c.o -lgcc --push-state --as-needed -lgcc_s --pop-state -lc -lgcc --push-state --as-needed -lgcc_s --pop-state /gpfs/commons/home/cangel/anaconda3/bin/../lib/gcc/x86_64-conda-linux-gnu/11.2.0/crtend.o /gpfs/commons/home/cangel/anaconda3/bin/../x86_64-conda-linux-gnu/sysroot/usr/lib/../lib64/crtn.o]
    arg [/gpfs/commons/home/cangel/anaconda3/bin/../libexec/gcc/x86_64-conda-linux-gnu/11.2.0/collect2] ==> ignore
    arg [-plugin] ==> ignore
    arg [/gpfs/commons/home/cangel/anaconda3/bin/../libexec/gcc/x86_64-conda-linux-gnu/11.2.0/liblto_plugin.so] ==> ignore
    arg [-plugin-opt=/gpfs/commons/home/cangel/anaconda3/bin/../libexec/gcc/x86_64-conda-linux-gnu/11.2.0/lto-wrapper] ==> ignore
    arg [-plugin-opt=-fresolution=/scratch/ccCyEpsX.res] ==> ignore
    arg [-plugin-opt=-pass-through=-lgcc] ==> ignore
    arg [-plugin-opt=-pass-through=-lgcc_s] ==> ignore
    arg [-plugin-opt=-pass-through=-lc] ==> ignore
    arg [-plugin-opt=-pass-through=-lgcc] ==> ignore
    arg [-plugin-opt=-pass-through=-lgcc_s] ==> ignore
    arg [--sysroot=/gpfs/commons/home/cangel/anaconda3/bin/../x86_64-conda-linux-gnu/sysroot] ==> ignore
    arg [--eh-frame-hdr] ==> ignore
    arg [-m] ==> ignore
    arg [elf_x86_64] ==> ignore
    arg [-export-dynamic] ==> ignore
    arg [-dynamic-linker] ==> ignore
    arg [/lib64/ld-linux-x86-64.so.2] ==> ignore
    arg [-o] ==> ignore
    arg [cmTC_33a11] ==> ignore
    arg [/gpfs/commons/home/cangel/anaconda3/bin/../x86_64-conda-linux-gnu/sysroot/usr/lib/../lib64/crt1.o] ==> ignore
    arg [/gpfs/commons/home/cangel/anaconda3/bin/../x86_64-conda-linux-gnu/sysroot/usr/lib/../lib64/crti.o] ==> ignore
    arg [/gpfs/commons/home/cangel/anaconda3/bin/../lib/gcc/x86_64-conda-linux-gnu/11.2.0/crtbegin.o] ==> ignore
    arg [-L/gpfs/commons/home/cangel/anaconda3/lib] ==> dir [/gpfs/commons/home/cangel/anaconda3/lib]
    arg [-L/gpfs/commons/home/cangel/anaconda3/bin/../lib/gcc/x86_64-conda-linux-gnu/11.2.0] ==> dir [/gpfs/commons/home/cangel/anaconda3/bin/../lib/gcc/x86_64-conda-linux-gnu/11.2.0]
    arg [-L/gpfs/commons/home/cangel/anaconda3/bin/../lib/gcc] ==> dir [/gpfs/commons/home/cangel/anaconda3/bin/../lib/gcc]
    arg [-L/gpfs/commons/home/cangel/anaconda3/bin/../lib/gcc/x86_64-conda-linux-gnu/11.2.0/../../../../x86_64-conda-linux-gnu/lib/../lib64] ==> dir [/gpfs/commons/home/cangel/anaconda3/bin/../lib/gcc/x86_64-conda-linux-gnu/11.2.0/../../../../x86_64-conda-linux-gnu/lib/../lib64]
    arg [-L/gpfs/commons/home/cangel/anaconda3/bin/../x86_64-conda-linux-gnu/sysroot/lib/../lib64] ==> dir [/gpfs/commons/home/cangel/anaconda3/bin/../x86_64-conda-linux-gnu/sysroot/lib/../lib64]
    arg [-L/gpfs/commons/home/cangel/anaconda3/bin/../x86_64-conda-linux-gnu/sysroot/usr/lib/../lib64] ==> dir [/gpfs/commons/home/cangel/anaconda3/bin/../x86_64-conda-linux-gnu/sysroot/usr/lib/../lib64]
    arg [-L/gpfs/commons/home/cangel/anaconda3/bin/../lib/gcc/x86_64-conda-linux-gnu/11.2.0/../../../../x86_64-conda-linux-gnu/lib] ==> dir [/gpfs/commons/home/cangel/anaconda3/bin/../lib/gcc/x86_64-conda-linux-gnu/11.2.0/../../../../x86_64-conda-linux-gnu/lib]
    arg [-L/gpfs/commons/home/cangel/anaconda3/bin/../x86_64-conda-linux-gnu/sysroot/lib] ==> dir [/gpfs/commons/home/cangel/anaconda3/bin/../x86_64-conda-linux-gnu/sysroot/lib]
    arg [-L/gpfs/commons/home/cangel/anaconda3/bin/../x86_64-conda-linux-gnu/sysroot/usr/lib] ==> dir [/gpfs/commons/home/cangel/anaconda3/bin/../x86_64-conda-linux-gnu/sysroot/usr/lib]
    arg [-rpath] ==> ignore
    arg [/gpfs/commons/home/cangel/anaconda3/lib] ==> ignore
    arg [-O2] ==> ignore
    arg [--sort-common] ==> ignore
    arg [--as-needed] ==> ignore
    arg [-zrelro] ==> ignore
    arg [-znow] ==> ignore
    arg [--disable-new-dtags] ==> ignore
    arg [--gc-sections] ==> ignore
    arg [-rpath] ==> ignore
    arg [/gpfs/commons/home/cangel/anaconda3/lib] ==> ignore
    arg [-rpath-link] ==> ignore
    arg [/gpfs/commons/home/cangel/anaconda3/lib] ==> ignore
    arg [CMakeFiles/cmTC_33a11.dir/CMakeCCompilerABI.c.o] ==> ignore
    arg [-lgcc] ==> lib [gcc]
    arg [--push-state] ==> ignore
    arg [--as-needed] ==> ignore
    arg [-lgcc_s] ==> lib [gcc_s]
    arg [--pop-state] ==> ignore
    arg [-lc] ==> lib [c]
    arg [-lgcc] ==> lib [gcc]
    arg [--push-state] ==> ignore
    arg [--as-needed] ==> ignore
    arg [-lgcc_s] ==> lib [gcc_s]
    arg [--pop-state] ==> ignore
    arg [/gpfs/commons/home/cangel/anaconda3/bin/../lib/gcc/x86_64-conda-linux-gnu/11.2.0/crtend.o] ==> ignore
    arg [/gpfs/commons/home/cangel/anaconda3/bin/../x86_64-conda-linux-gnu/sysroot/usr/lib/../lib64/crtn.o] ==> ignore
  remove lib [gcc]
  remove lib [gcc_s]
  remove lib [gcc]
  remove lib [gcc_s]
  collapse library dir [/gpfs/commons/home/cangel/anaconda3/lib] ==> [/gpfs/commons/home/cangel/anaconda3/lib]
  collapse library dir [/gpfs/commons/home/cangel/anaconda3/bin/../lib/gcc/x86_64-conda-linux-gnu/11.2.0] ==> [/gpfs/commons/home/cangel/anaconda3/lib/gcc/x86_64-conda-linux-gnu/11.2.0]
  collapse library dir [/gpfs/commons/home/cangel/anaconda3/bin/../lib/gcc] ==> [/gpfs/commons/home/cangel/anaconda3/lib/gcc]
  collapse library dir [/gpfs/commons/home/cangel/anaconda3/bin/../lib/gcc/x86_64-conda-linux-gnu/11.2.0/../../../../x86_64-conda-linux-gnu/lib/../lib64] ==> [/gpfs/commons/home/cangel/anaconda3/x86_64-conda-linux-gnu/lib64]
  collapse library dir [/gpfs/commons/home/cangel/anaconda3/bin/../x86_64-conda-linux-gnu/sysroot/lib/../lib64] ==> [/gpfs/commons/home/cangel/anaconda3/x86_64-conda-linux-gnu/sysroot/lib64]
  collapse library dir [/gpfs/commons/home/cangel/anaconda3/bin/../x86_64-conda-linux-gnu/sysroot/usr/lib/../lib64] ==> [/gpfs/commons/home/cangel/anaconda3/x86_64-conda-linux-gnu/sysroot/usr/lib64]
  collapse library dir [/gpfs/commons/home/cangel/anaconda3/bin/../lib/gcc/x86_64-conda-linux-gnu/11.2.0/../../../../x86_64-conda-linux-gnu/lib] ==> [/gpfs/commons/home/cangel/anaconda3/x86_64-conda-linux-gnu/lib]
  collapse library dir [/gpfs/commons/home/cangel/anaconda3/bin/../x86_64-conda-linux-gnu/sysroot/lib] ==> [/gpfs/commons/home/cangel/anaconda3/x86_64-conda-linux-gnu/sysroot/lib]
  collapse library dir [/gpfs/commons/home/cangel/anaconda3/bin/../x86_64-conda-linux-gnu/sysroot/usr/lib] ==> [/gpfs/commons/home/cangel/anaconda3/x86_64-conda-linux-gnu/sysroot/usr/lib]
  implicit libs: [c]
  implicit dirs: [/gpfs/commons/home/cangel/anaconda3/lib;/gpfs/commons/home/cangel/anaconda3/lib/gcc/x86_64-conda-linux-gnu/11.2.0;/gpfs/commons/home/cangel/anaconda3/lib/gcc;/gpfs/commons/home/cangel/anaconda3/x86_64-conda-linux-gnu/lib64;/gpfs/commons/home/cangel/anaconda3/x86_64-conda-linux-gnu/sysroot/lib64;/gpfs/commons/home/cangel/anaconda3/x86_64-conda-linux-gnu/sysroot/usr/lib64;/gpfs/commons/home/cangel/anaconda3/x86_64-conda-linux-gnu/lib;/gpfs/commons/home/cangel/anaconda3/x86_64-conda-linux-gnu/sysroot/lib;/gpfs/commons/home/cangel/anaconda3/x86_64-conda-linux-gnu/sysroot/usr/lib]
  implicit fwks: []




Detecting C [-std=c11] compiler features compiled with the following output:
Change Dir: /gpfs/commons/home/cangel/g2lab/projects/01_12_23_highResolutionHiC/scripts/C++/pcSAC_debug_101223/build/CMakeFiles/CMakeTmp

Run Build Command:"/usr/bin/gmake" "cmTC_2a907/fast"
/usr/bin/gmake -f CMakeFiles/cmTC_2a907.dir/build.make CMakeFiles/cmTC_2a907.dir/build
gmake[1]: Entering directory `/gpfs/commons/groups/gursoy_lab/cangel/projects/01_12_23_highResolutionHiC/scripts/C++/pcSAC_debug_101223/build/CMakeFiles/CMakeTmp'
Building C object CMakeFiles/cmTC_2a907.dir/feature_tests.c.o
/gpfs/commons/home/cangel/anaconda3/bin/x86_64-conda-linux-gnu-cc   -march=nocona -mtune=haswell -ftree-vectorize -fPIC -fstack-protector-strong -fno-plt -O2 -ffunction-sections -pipe -isystem /gpfs/commons/home/cangel/anaconda3/include    -std=c11 -o CMakeFiles/cmTC_2a907.dir/feature_tests.c.o   -c /gpfs/commons/home/cangel/g2lab/projects/01_12_23_highResolutionHiC/scripts/C++/pcSAC_debug_101223/build/CMakeFiles/feature_tests.c
Linking C executable cmTC_2a907
/nfs/sw/cmake/cmake-3.8.0/bin/cmake -E cmake_link_script CMakeFiles/cmTC_2a907.dir/link.txt --verbose=1
/gpfs/commons/home/cangel/anaconda3/bin/x86_64-conda-linux-gnu-cc -march=nocona -mtune=haswell -ftree-vectorize -fPIC -fstack-protector-strong -fno-plt -O2 -ffunction-sections -pipe -isystem /gpfs/commons/home/cangel/anaconda3/include   -Wl,-O2 -Wl,--sort-common -Wl,--as-needed -Wl,-z,relro -Wl,-z,now -Wl,--disable-new-dtags -Wl,--gc-sections -Wl,-rpath,/gpfs/commons/home/cangel/anaconda3/lib -Wl,-rpath-link,/gpfs/commons/home/cangel/anaconda3/lib -L/gpfs/commons/home/cangel/anaconda3/lib  -rdynamic CMakeFiles/cmTC_2a907.dir/feature_tests.c.o  -o cmTC_2a907 
gmake[1]: Leaving directory `/gpfs/commons/groups/gursoy_lab/cangel/projects/01_12_23_highResolutionHiC/scripts/C++/pcSAC_debug_101223/build/CMakeFiles/CMakeTmp'


    Feature record: C_FEATURE:1c_function_prototypes
    Feature record: C_FEATURE:1c_restrict
    Feature record: C_FEATURE:1c_static_assert
    Feature record: C_FEATURE:1c_variadic_macros


Detecting C [-std=c99] compiler features compiled with the following output:
Change Dir: /gpfs/commons/home/cangel/g2lab/projects/01_12_23_highResolutionHiC/scripts/C++/pcSAC_debug_101223/build/CMakeFiles/CMakeTmp

Run Build Command:"/usr/bin/gmake" "cmTC_2ae00/fast"
/usr/bin/gmake -f CMakeFiles/cmTC_2ae00.dir/build.make CMakeFiles/cmTC_2ae00.dir/build
gmake[1]: Entering directory `/gpfs/commons/groups/gursoy_lab/cangel/projects/01_12_23_highResolutionHiC/scripts/C++/pcSAC_debug_101223/build/CMakeFiles/CMakeTmp'
Building C object CMakeFiles/cmTC_2ae00.dir/feature_tests.c.o
/gpfs/commons/home/cangel/anaconda3/bin/x86_64-conda-linux-gnu-cc   -march=nocona -mtune=haswell -ftree-vectorize -fPIC -fstack-protector-strong -fno-plt -O2 -ffunction-sections -pipe -isystem /gpfs/commons/home/cangel/anaconda3/include    -std=c99 -o CMakeFiles/cmTC_2ae00.dir/feature_tests.c.o   -c /gpfs/commons/home/cangel/g2lab/projects/01_12_23_highResolutionHiC/scripts/C++/pcSAC_debug_101223/build/CMakeFiles/feature_tests.c
Linking C executable cmTC_2ae00
/nfs/sw/cmake/cmake-3.8.0/bin/cmake -E cmake_link_script CMakeFiles/cmTC_2ae00.dir/link.txt --verbose=1
/gpfs/commons/home/cangel/anaconda3/bin/x86_64-conda-linux-gnu-cc -march=nocona -mtune=haswell -ftree-vectorize -fPIC -fstack-protector-strong -fno-plt -O2 -ffunction-sections -pipe -isystem /gpfs/commons/home/cangel/anaconda3/include   -Wl,-O2 -Wl,--sort-common -Wl,--as-needed -Wl,-z,relro -Wl,-z,now -Wl,--disable-new-dtags -Wl,--gc-sections -Wl,-rpath,/gpfs/commons/home/cangel/anaconda3/lib -Wl,-rpath-link,/gpfs/commons/home/cangel/anaconda3/lib -L/gpfs/commons/home/cangel/anaconda3/lib  -rdynamic CMakeFiles/cmTC_2ae00.dir/feature_tests.c.o  -o cmTC_2ae00 
gmake[1]: Leaving directory `/gpfs/commons/groups/gursoy_lab/cangel/projects/01_12_23_highResolutionHiC/scripts/C++/pcSAC_debug_101223/build/CMakeFiles/CMakeTmp'


    Feature record: C_FEATURE:1c_function_prototypes
    Feature record: C_FEATURE:1c_restrict
    Feature record: C_FEATURE:0c_static_assert
    Feature record: C_FEATURE:1c_variadic_macros


Detecting C [-std=c90] compiler features compiled with the following output:
Change Dir: /gpfs/commons/home/cangel/g2lab/projects/01_12_23_highResolutionHiC/scripts/C++/pcSAC_debug_101223/build/CMakeFiles/CMakeTmp

Run Build Command:"/usr/bin/gmake" "cmTC_2e712/fast"
/usr/bin/gmake -f CMakeFiles/cmTC_2e712.dir/build.make CMakeFiles/cmTC_2e712.dir/build
gmake[1]: Entering directory `/gpfs/commons/groups/gursoy_lab/cangel/projects/01_12_23_highResolutionHiC/scripts/C++/pcSAC_debug_101223/build/CMakeFiles/CMakeTmp'
Building C object CMakeFiles/cmTC_2e712.dir/feature_tests.c.o
/gpfs/commons/home/cangel/anaconda3/bin/x86_64-conda-linux-gnu-cc   -march=nocona -mtune=haswell -ftree-vectorize -fPIC -fstack-protector-strong -fno-plt -O2 -ffunction-sections -pipe -isystem /gpfs/commons/home/cangel/anaconda3/include    -std=c90 -o CMakeFiles/cmTC_2e712.dir/feature_tests.c.o   -c /gpfs/commons/home/cangel/g2lab/projects/01_12_23_highResolutionHiC/scripts/C++/pcSAC_debug_101223/build/CMakeFiles/feature_tests.c
Linking C executable cmTC_2e712
/nfs/sw/cmake/cmake-3.8.0/bin/cmake -E cmake_link_script CMakeFiles/cmTC_2e712.dir/link.txt --verbose=1
/gpfs/commons/home/cangel/anaconda3/bin/x86_64-conda-linux-gnu-cc -march=nocona -mtune=haswell -ftree-vectorize -fPIC -fstack-protector-strong -fno-plt -O2 -ffunction-sections -pipe -isystem /gpfs/commons/home/cangel/anaconda3/include   -Wl,-O2 -Wl,--sort-common -Wl,--as-needed -Wl,-z,relro -Wl,-z,now -Wl,--disable-new-dtags -Wl,--gc-sections -Wl,-rpath,/gpfs/commons/home/cangel/anaconda3/lib -Wl,-rpath-link,/gpfs/commons/home/cangel/anaconda3/lib -L/gpfs/commons/home/cangel/anaconda3/lib  -rdynamic CMakeFiles/cmTC_2e712.dir/feature_tests.c.o  -o cmTC_2e712 
gmake[1]: Leaving directory `/gpfs/commons/groups/gursoy_lab/cangel/projects/01_12_23_highResolutionHiC/scripts/C++/pcSAC_debug_101223/build/CMakeFiles/CMakeTmp'


    Feature record: C_FEATURE:1c_function_prototypes
    Feature record: C_FEATURE:0c_restrict
    Feature record: C_FEATURE:0c_static_assert
    Feature record: C_FEATURE:0c_variadic_macros
Determining if the CXX compiler works passed with the following output:
Change Dir: /gpfs/commons/home/cangel/g2lab/projects/01_12_23_highResolutionHiC/scripts/C++/pcSAC_debug_101223/build/CMakeFiles/CMakeTmp

Run Build Command:"/usr/bin/gmake" "cmTC_da1c4/fast"
/usr/bin/gmake -f CMakeFiles/cmTC_da1c4.dir/build.make CMakeFiles/cmTC_da1c4.dir/build
gmake[1]: Entering directory `/gpfs/commons/groups/gursoy_lab/cangel/projects/01_12_23_highResolutionHiC/scripts/C++/pcSAC_debug_101223/build/CMakeFiles/CMakeTmp'
Building CXX object CMakeFiles/cmTC_da1c4.dir/testCXXCompiler.cxx.o
/gpfs/commons/home/cangel/anaconda3/bin/x86_64-conda-linux-gnu-c++    -fvisibility-inlines-hidden -std=c++17 -fmessage-length=0 -march=nocona -mtune=haswell -ftree-vectorize -fPIC -fstack-protector-strong -fno-plt -O2 -ffunction-sections -pipe -isystem /gpfs/commons/home/cangel/anaconda3/include    -o CMakeFiles/cmTC_da1c4.dir/testCXXCompiler.cxx.o -c /gpfs/commons/home/cangel/g2lab/projects/01_12_23_highResolutionHiC/scripts/C++/pcSAC_debug_101223/build/CMakeFiles/CMakeTmp/testCXXCompiler.cxx
Linking CXX executable cmTC_da1c4
/nfs/sw/cmake/cmake-3.8.0/bin/cmake -E cmake_link_script CMakeFiles/cmTC_da1c4.dir/link.txt --verbose=1
/gpfs/commons/home/cangel/anaconda3/bin/x86_64-conda-linux-gnu-c++  -fvisibility-inlines-hidden -std=c++17 -fmessage-length=0 -march=nocona -mtune=haswell -ftree-vectorize -fPIC -fstack-protector-strong -fno-plt -O2 -ffunction-sections -pipe -isystem /gpfs/commons/home/cangel/anaconda3/include   -Wl,-O2 -Wl,--sort-common -Wl,--as-needed -Wl,-z,relro -Wl,-z,now -Wl,--disable-new-dtags -Wl,--gc-sections -Wl,-rpath,/gpfs/commons/home/cangel/anaconda3/lib -Wl,-rpath-link,/gpfs/commons/home/cangel/anaconda3/lib -L/gpfs/commons/home/cangel/anaconda3/lib  -rdynamic CMakeFiles/cmTC_da1c4.dir/testCXXCompiler.cxx.o  -o cmTC_da1c4 
gmake[1]: Leaving directory `/gpfs/commons/groups/gursoy_lab/cangel/projects/01_12_23_highResolutionHiC/scripts/C++/pcSAC_debug_101223/build/CMakeFiles/CMakeTmp'


Detecting CXX compiler ABI info compiled with the following output:
Change Dir: /gpfs/commons/home/cangel/g2lab/projects/01_12_23_highResolutionHiC/scripts/C++/pcSAC_debug_101223/build/CMakeFiles/CMakeTmp

Run Build Command:"/usr/bin/gmake" "cmTC_78ed2/fast"
/usr/bin/gmake -f CMakeFiles/cmTC_78ed2.dir/build.make CMakeFiles/cmTC_78ed2.dir/build
gmake[1]: Entering directory `/gpfs/commons/groups/gursoy_lab/cangel/projects/01_12_23_highResolutionHiC/scripts/C++/pcSAC_debug_101223/build/CMakeFiles/CMakeTmp'
Building CXX object CMakeFiles/cmTC_78ed2.dir/CMakeCXXCompilerABI.cpp.o
/gpfs/commons/home/cangel/anaconda3/bin/x86_64-conda-linux-gnu-c++    -fvisibility-inlines-hidden -std=c++17 -fmessage-length=0 -march=nocona -mtune=haswell -ftree-vectorize -fPIC -fstack-protector-strong -fno-plt -O2 -ffunction-sections -pipe -isystem /gpfs/commons/home/cangel/anaconda3/include    -o CMakeFiles/cmTC_78ed2.dir/CMakeCXXCompilerABI.cpp.o -c /nfs/sw/cmake/cmake-3.8.0/share/cmake-3.8/Modules/CMakeCXXCompilerABI.cpp
Linking CXX executable cmTC_78ed2
/nfs/sw/cmake/cmake-3.8.0/bin/cmake -E cmake_link_script CMakeFiles/cmTC_78ed2.dir/link.txt --verbose=1
/gpfs/commons/home/cangel/anaconda3/bin/x86_64-conda-linux-gnu-c++  -fvisibility-inlines-hidden -std=c++17 -fmessage-length=0 -march=nocona -mtune=haswell -ftree-vectorize -fPIC -fstack-protector-strong -fno-plt -O2 -ffunction-sections -pipe -isystem /gpfs/commons/home/cangel/anaconda3/include   -Wl,-O2 -Wl,--sort-common -Wl,--as-needed -Wl,-z,relro -Wl,-z,now -Wl,--disable-new-dtags -Wl,--gc-sections -Wl,-rpath,/gpfs/commons/home/cangel/anaconda3/lib -Wl,-rpath-link,/gpfs/commons/home/cangel/anaconda3/lib -L/gpfs/commons/home/cangel/anaconda3/lib -v -rdynamic CMakeFiles/cmTC_78ed2.dir/CMakeCXXCompilerABI.cpp.o  -o cmTC_78ed2 
Reading specs from /gpfs/commons/home/cangel/anaconda3/bin/../lib/gcc/x86_64-conda-linux-gnu/11.2.0/specs
COLLECT_GCC=/gpfs/commons/home/cangel/anaconda3/bin/x86_64-conda-linux-gnu-c++
COLLECT_LTO_WRAPPER=/gpfs/commons/home/cangel/anaconda3/bin/../libexec/gcc/x86_64-conda-linux-gnu/11.2.0/lto-wrapper
Target: x86_64-conda-linux-gnu
Configured with: /opt/conda/conda-bld/gcc-compiler_1654084175708/work/gcc/configure --build=x86_64-build_conda-linux-gnu --host=x86_64-build_conda-linux-gnu --target=x86_64-conda-linux-gnu --prefix=/opt/conda/conda-bld/gcc-compiler_1654084175708/work/gcc_built --exec_prefix=/opt/conda/conda-bld/gcc-compiler_1654084175708/work/gcc_built --with-sysroot=/opt/conda/conda-bld/gcc-compiler_1654084175708/work/gcc_built/x86_64-conda-linux-gnu/sysroot --with-local-prefix=/opt/conda/conda-bld/gcc-compiler_1654084175708/work/gcc_built/x86_64-conda-linux-gnu/sysroot --enable-long-long --disable-multilib --disable-nls --with-gmp=/opt/conda/conda-bld/gcc-compiler_1654084175708/work/buildtools --with-mpfr=/opt/conda/conda-bld/gcc-compiler_1654084175708/work/buildtools --with-mpc=/opt/conda/conda-bld/gcc-compiler_1654084175708/work/buildtools --with-isl=/opt/conda/conda-bld/gcc-compiler_1654084175708/work/buildtools --without-zstd --enable-languages=c,c++,fortran,objc,obj-c++ --enable-__cxa_atexit --disable-libmudflap --enable-libgomp --enable-libquadmath --enable-libquadmath-support --enable-libsanitizer --disable-libstdcxx-verbose --enable-lto --enable-libcc1 --enable-threads=posix --enable-plugin --with-pkgversion='Anaconda gcc' --enable-libmpx
Thread model: posix
Supported LTO compression algorithms: zlib
gcc version 11.2.0 (Anaconda gcc) 
COMPILER_PATH=/gpfs/commons/home/cangel/anaconda3/bin/../libexec/gcc/x86_64-conda-linux-gnu/11.2.0/:/gpfs/commons/home/cangel/anaconda3/bin/../libexec/gcc/:/gpfs/commons/home/cangel/anaconda3/bin/../lib/gcc/x86_64-conda-linux-gnu/11.2.0/../../../../x86_64-conda-linux-gnu/bin/
LIBRARY_PATH=/gpfs/commons/home/cangel/anaconda3/bin/../lib/gcc/x86_64-conda-linux-gnu/11.2.0/:/gpfs/commons/home/cangel/anaconda3/bin/../lib/gcc/:/gpfs/commons/home/cangel/anaconda3/bin/../lib/gcc/x86_64-conda-linux-gnu/11.2.0/../../../../x86_64-conda-linux-gnu/lib/../lib64/:/gpfs/commons/home/cangel/anaconda3/bin/../x86_64-conda-linux-gnu/sysroot/lib/../lib64/:/gpfs/commons/home/cangel/anaconda3/bin/../x86_64-conda-linux-gnu/sysroot/usr/lib/../lib64/:/gpfs/commons/home/cangel/anaconda3/bin/../lib/gcc/x86_64-conda-linux-gnu/11.2.0/../../../../x86_64-conda-linux-gnu/lib/:/gpfs/commons/home/cangel/anaconda3/bin/../x86_64-conda-linux-gnu/sysroot/lib/:/gpfs/commons/home/cangel/anaconda3/bin/../x86_64-conda-linux-gnu/sysroot/usr/lib/
COLLECT_GCC_OPTIONS='-fvisibility-inlines-hidden' '-std=c++17' '-fmessage-length=0' '-march=nocona' '-mtune=haswell' '-ftree-vectorize' '-fPIC' '-fstack-protector-strong' '-fno-plt' '-O2' '-ffunction-sections' '-pipe' '-isystem' '/gpfs/commons/home/cangel/anaconda3/include' '-L/gpfs/commons/home/cangel/anaconda3/lib' '-v' '-rdynamic' '-o' 'cmTC_78ed2' '-shared-libgcc' '-dumpdir' 'cmTC_78ed2.'
 /gpfs/commons/home/cangel/anaconda3/bin/../libexec/gcc/x86_64-conda-linux-gnu/11.2.0/collect2 -plugin /gpfs/commons/home/cangel/anaconda3/bin/../libexec/gcc/x86_64-conda-linux-gnu/11.2.0/liblto_plugin.so -plugin-opt=/gpfs/commons/home/cangel/anaconda3/bin/../libexec/gcc/x86_64-conda-linux-gnu/11.2.0/lto-wrapper -plugin-opt=-fresolution=/scratch/ccaxwCDx.res -plugin-opt=-pass-through=-lgcc_s -plugin-opt=-pass-through=-lgcc -plugin-opt=-pass-through=-lc -plugin-opt=-pass-through=-lgcc_s -plugin-opt=-pass-through=-lgcc --sysroot=/gpfs/commons/home/cangel/anaconda3/bin/../x86_64-conda-linux-gnu/sysroot --eh-frame-hdr -m elf_x86_64 -export-dynamic -dynamic-linker /lib64/ld-linux-x86-64.so.2 -o cmTC_78ed2 /gpfs/commons/home/cangel/anaconda3/bin/../x86_64-conda-linux-gnu/sysroot/usr/lib/../lib64/crt1.o /gpfs/commons/home/cangel/anaconda3/bin/../x86_64-conda-linux-gnu/sysroot/usr/lib/../lib64/crti.o /gpfs/commons/home/cangel/anaconda3/bin/../lib/gcc/x86_64-conda-linux-gnu/11.2.0/crtbegin.o -L/gpfs/commons/home/cangel/anaconda3/lib -L/gpfs/commons/home/cangel/anaconda3/bin/../lib/gcc/x86_64-conda-linux-gnu/11.2.0 -L/gpfs/commons/home/cangel/anaconda3/bin/../lib/gcc -L/gpfs/commons/home/cangel/anaconda3/bin/../lib/gcc/x86_64-conda-linux-gnu/11.2.0/../../../../x86_64-conda-linux-gnu/lib/../lib64 -L/gpfs/commons/home/cangel/anaconda3/bin/../x86_64-conda-linux-gnu/sysroot/lib/../lib64 -L/gpfs/commons/home/cangel/anaconda3/bin/../x86_64-conda-linux-gnu/sysroot/usr/lib/../lib64 -L/gpfs/commons/home/cangel/anaconda3/bin/../lib/gcc/x86_64-conda-linux-gnu/11.2.0/../../../../x86_64-conda-linux-gnu/lib -L/gpfs/commons/home/cangel/anaconda3/bin/../x86_64-conda-linux-gnu/sysroot/lib -L/gpfs/commons/home/cangel/anaconda3/bin/../x86_64-conda-linux-gnu/sysroot/usr/lib -rpath /gpfs/commons/home/cangel/anaconda3/lib -O2 --sort-common --as-needed -z relro -z now --disable-new-dtags --gc-sections -rpath /gpfs/commons/home/cangel/anaconda3/lib -rpath-link /gpfs/commons/home/cangel/anaconda3/lib CMakeFiles/cmTC_78ed2.dir/CMakeCXXCompilerABI.cpp.o -lstdc++ -lm -lgcc_s -lgcc -lc -lgcc_s -lgcc /gpfs/commons/home/cangel/anaconda3/bin/../lib/gcc/x86_64-conda-linux-gnu/11.2.0/crtend.o /gpfs/commons/home/cangel/anaconda3/bin/../x86_64-conda-linux-gnu/sysroot/usr/lib/../lib64/crtn.o
COLLECT_GCC_OPTIONS='-fvisibility-inlines-hidden' '-std=c++17' '-fmessage-length=0' '-march=nocona' '-mtune=haswell' '-ftree-vectorize' '-fPIC' '-fstack-protector-strong' '-fno-plt' '-O2' '-ffunction-sections' '-pipe' '-isystem' '/gpfs/commons/home/cangel/anaconda3/include' '-L/gpfs/commons/home/cangel/anaconda3/lib' '-v' '-rdynamic' '-o' 'cmTC_78ed2' '-shared-libgcc' '-dumpdir' 'cmTC_78ed2.'
gmake[1]: Leaving directory `/gpfs/commons/groups/gursoy_lab/cangel/projects/01_12_23_highResolutionHiC/scripts/C++/pcSAC_debug_101223/build/CMakeFiles/CMakeTmp'


Parsed CXX implicit link information from above output:
  link line regex: [^( *|.*[/\])(ld|([^/\]+-)?ld|collect2)[^/\]*( |$)]
  ignore line: [Change Dir: /gpfs/commons/home/cangel/g2lab/projects/01_12_23_highResolutionHiC/scripts/C++/pcSAC_debug_101223/build/CMakeFiles/CMakeTmp]
  ignore line: []
  ignore line: [Run Build Command:"/usr/bin/gmake" "cmTC_78ed2/fast"]
  ignore line: [/usr/bin/gmake -f CMakeFiles/cmTC_78ed2.dir/build.make CMakeFiles/cmTC_78ed2.dir/build]
  ignore line: [gmake[1]: Entering directory `/gpfs/commons/groups/gursoy_lab/cangel/projects/01_12_23_highResolutionHiC/scripts/C++/pcSAC_debug_101223/build/CMakeFiles/CMakeTmp']
  ignore line: [Building CXX object CMakeFiles/cmTC_78ed2.dir/CMakeCXXCompilerABI.cpp.o]
  ignore line: [/gpfs/commons/home/cangel/anaconda3/bin/x86_64-conda-linux-gnu-c++    -fvisibility-inlines-hidden -std=c++17 -fmessage-length=0 -march=nocona -mtune=haswell -ftree-vectorize -fPIC -fstack-protector-strong -fno-plt -O2 -ffunction-sections -pipe -isystem /gpfs/commons/home/cangel/anaconda3/include    -o CMakeFiles/cmTC_78ed2.dir/CMakeCXXCompilerABI.cpp.o -c /nfs/sw/cmake/cmake-3.8.0/share/cmake-3.8/Modules/CMakeCXXCompilerABI.cpp]
  ignore line: [Linking CXX executable cmTC_78ed2]
  ignore line: [/nfs/sw/cmake/cmake-3.8.0/bin/cmake -E cmake_link_script CMakeFiles/cmTC_78ed2.dir/link.txt --verbose=1]
  ignore line: [/gpfs/commons/home/cangel/anaconda3/bin/x86_64-conda-linux-gnu-c++  -fvisibility-inlines-hidden -std=c++17 -fmessage-length=0 -march=nocona -mtune=haswell -ftree-vectorize -fPIC -fstack-protector-strong -fno-plt -O2 -ffunction-sections -pipe -isystem /gpfs/commons/home/cangel/anaconda3/include   -Wl,-O2 -Wl,--sort-common -Wl,--as-needed -Wl,-z,relro -Wl,-z,now -Wl,--disable-new-dtags -Wl,--gc-sections -Wl,-rpath,/gpfs/commons/home/cangel/anaconda3/lib -Wl,-rpath-link,/gpfs/commons/home/cangel/anaconda3/lib -L/gpfs/commons/home/cangel/anaconda3/lib -v -rdynamic CMakeFiles/cmTC_78ed2.dir/CMakeCXXCompilerABI.cpp.o  -o cmTC_78ed2 ]
  ignore line: [Reading specs from /gpfs/commons/home/cangel/anaconda3/bin/../lib/gcc/x86_64-conda-linux-gnu/11.2.0/specs]
  ignore line: [COLLECT_GCC=/gpfs/commons/home/cangel/anaconda3/bin/x86_64-conda-linux-gnu-c++]
  ignore line: [COLLECT_LTO_WRAPPER=/gpfs/commons/home/cangel/anaconda3/bin/../libexec/gcc/x86_64-conda-linux-gnu/11.2.0/lto-wrapper]
  ignore line: [Target: x86_64-conda-linux-gnu]
  ignore line: [Configured with: /opt/conda/conda-bld/gcc-compiler_1654084175708/work/gcc/configure --build=x86_64-build_conda-linux-gnu --host=x86_64-build_conda-linux-gnu --target=x86_64-conda-linux-gnu --prefix=/opt/conda/conda-bld/gcc-compiler_1654084175708/work/gcc_built --exec_prefix=/opt/conda/conda-bld/gcc-compiler_1654084175708/work/gcc_built --with-sysroot=/opt/conda/conda-bld/gcc-compiler_1654084175708/work/gcc_built/x86_64-conda-linux-gnu/sysroot --with-local-prefix=/opt/conda/conda-bld/gcc-compiler_1654084175708/work/gcc_built/x86_64-conda-linux-gnu/sysroot --enable-long-long --disable-multilib --disable-nls --with-gmp=/opt/conda/conda-bld/gcc-compiler_1654084175708/work/buildtools --with-mpfr=/opt/conda/conda-bld/gcc-compiler_1654084175708/work/buildtools --with-mpc=/opt/conda/conda-bld/gcc-compiler_1654084175708/work/buildtools --with-isl=/opt/conda/conda-bld/gcc-compiler_1654084175708/work/buildtools --without-zstd --enable-languages=c,c++,fortran,objc,obj-c++ --enable-__cxa_atexit --disable-libmudflap --enable-libgomp --enable-libquadmath --enable-libquadmath-support --enable-libsanitizer --disable-libstdcxx-verbose --enable-lto --enable-libcc1 --enable-threads=posix --enable-plugin --with-pkgversion='Anaconda gcc' --enable-libmpx]
  ignore line: [Thread model: posix]
  ignore line: [Supported LTO compression algorithms: zlib]
  ignore line: [gcc version 11.2.0 (Anaconda gcc) ]
  ignore line: [COMPILER_PATH=/gpfs/commons/home/cangel/anaconda3/bin/../libexec/gcc/x86_64-conda-linux-gnu/11.2.0/:/gpfs/commons/home/cangel/anaconda3/bin/../libexec/gcc/:/gpfs/commons/home/cangel/anaconda3/bin/../lib/gcc/x86_64-conda-linux-gnu/11.2.0/../../../../x86_64-conda-linux-gnu/bin/]
  ignore line: [LIBRARY_PATH=/gpfs/commons/home/cangel/anaconda3/bin/../lib/gcc/x86_64-conda-linux-gnu/11.2.0/:/gpfs/commons/home/cangel/anaconda3/bin/../lib/gcc/:/gpfs/commons/home/cangel/anaconda3/bin/../lib/gcc/x86_64-conda-linux-gnu/11.2.0/../../../../x86_64-conda-linux-gnu/lib/../lib64/:/gpfs/commons/home/cangel/anaconda3/bin/../x86_64-conda-linux-gnu/sysroot/lib/../lib64/:/gpfs/commons/home/cangel/anaconda3/bin/../x86_64-conda-linux-gnu/sysroot/usr/lib/../lib64/:/gpfs/commons/home/cangel/anaconda3/bin/../lib/gcc/x86_64-conda-linux-gnu/11.2.0/../../../../x86_64-conda-linux-gnu/lib/:/gpfs/commons/home/cangel/anaconda3/bin/../x86_64-conda-linux-gnu/sysroot/lib/:/gpfs/commons/home/cangel/anaconda3/bin/../x86_64-conda-linux-gnu/sysroot/usr/lib/]
  ignore line: [COLLECT_GCC_OPTIONS='-fvisibility-inlines-hidden' '-std=c++17' '-fmessage-length=0' '-march=nocona' '-mtune=haswell' '-ftree-vectorize' '-fPIC' '-fstack-protector-strong' '-fno-plt' '-O2' '-ffunction-sections' '-pipe' '-isystem' '/gpfs/commons/home/cangel/anaconda3/include' '-L/gpfs/commons/home/cangel/anaconda3/lib' '-v' '-rdynamic' '-o' 'cmTC_78ed2' '-shared-libgcc' '-dumpdir' 'cmTC_78ed2.']
  link line: [ /gpfs/commons/home/cangel/anaconda3/bin/../libexec/gcc/x86_64-conda-linux-gnu/11.2.0/collect2 -plugin /gpfs/commons/home/cangel/anaconda3/bin/../libexec/gcc/x86_64-conda-linux-gnu/11.2.0/liblto_plugin.so -plugin-opt=/gpfs/commons/home/cangel/anaconda3/bin/../libexec/gcc/x86_64-conda-linux-gnu/11.2.0/lto-wrapper -plugin-opt=-fresolution=/scratch/ccaxwCDx.res -plugin-opt=-pass-through=-lgcc_s -plugin-opt=-pass-through=-lgcc -plugin-opt=-pass-through=-lc -plugin-opt=-pass-through=-lgcc_s -plugin-opt=-pass-through=-lgcc --sysroot=/gpfs/commons/home/cangel/anaconda3/bin/../x86_64-conda-linux-gnu/sysroot --eh-frame-hdr -m elf_x86_64 -export-dynamic -dynamic-linker /lib64/ld-linux-x86-64.so.2 -o cmTC_78ed2 /gpfs/commons/home/cangel/anaconda3/bin/../x86_64-conda-linux-gnu/sysroot/usr/lib/../lib64/crt1.o /gpfs/commons/home/cangel/anaconda3/bin/../x86_64-conda-linux-gnu/sysroot/usr/lib/../lib64/crti.o /gpfs/commons/home/cangel/anaconda3/bin/../lib/gcc/x86_64-conda-linux-gnu/11.2.0/crtbegin.o -L/gpfs/commons/home/cangel/anaconda3/lib -L/gpfs/commons/home/cangel/anaconda3/bin/../lib/gcc/x86_64-conda-linux-gnu/11.2.0 -L/gpfs/commons/home/cangel/anaconda3/bin/../lib/gcc -L/gpfs/commons/home/cangel/anaconda3/bin/../lib/gcc/x86_64-conda-linux-gnu/11.2.0/../../../../x86_64-conda-linux-gnu/lib/../lib64 -L/gpfs/commons/home/cangel/anaconda3/bin/../x86_64-conda-linux-gnu/sysroot/lib/../lib64 -L/gpfs/commons/home/cangel/anaconda3/bin/../x86_64-conda-linux-gnu/sysroot/usr/lib/../lib64 -L/gpfs/commons/home/cangel/anaconda3/bin/../lib/gcc/x86_64-conda-linux-gnu/11.2.0/../../../../x86_64-conda-linux-gnu/lib -L/gpfs/commons/home/cangel/anaconda3/bin/../x86_64-conda-linux-gnu/sysroot/lib -L/gpfs/commons/home/cangel/anaconda3/bin/../x86_64-conda-linux-gnu/sysroot/usr/lib -rpath /gpfs/commons/home/cangel/anaconda3/lib -O2 --sort-common --as-needed -z relro -z now --disable-new-dtags --gc-sections -rpath /gpfs/commons/home/cangel/anaconda3/lib -rpath-link /gpfs/commons/home/cangel/anaconda3/lib CMakeFiles/cmTC_78ed2.dir/CMakeCXXCompilerABI.cpp.o -lstdc++ -lm -lgcc_s -lgcc -lc -lgcc_s -lgcc /gpfs/commons/home/cangel/anaconda3/bin/../lib/gcc/x86_64-conda-linux-gnu/11.2.0/crtend.o /gpfs/commons/home/cangel/anaconda3/bin/../x86_64-conda-linux-gnu/sysroot/usr/lib/../lib64/crtn.o]
    arg [/gpfs/commons/home/cangel/anaconda3/bin/../libexec/gcc/x86_64-conda-linux-gnu/11.2.0/collect2] ==> ignore
    arg [-plugin] ==> ignore
    arg [/gpfs/commons/home/cangel/anaconda3/bin/../libexec/gcc/x86_64-conda-linux-gnu/11.2.0/liblto_plugin.so] ==> ignore
    arg [-plugin-opt=/gpfs/commons/home/cangel/anaconda3/bin/../libexec/gcc/x86_64-conda-linux-gnu/11.2.0/lto-wrapper] ==> ignore
    arg [-plugin-opt=-fresolution=/scratch/ccaxwCDx.res] ==> ignore
    arg [-plugin-opt=-pass-through=-lgcc_s] ==> ignore
    arg [-plugin-opt=-pass-through=-lgcc] ==> ignore
    arg [-plugin-opt=-pass-through=-lc] ==> ignore
    arg [-plugin-opt=-pass-through=-lgcc_s] ==> ignore
    arg [-plugin-opt=-pass-through=-lgcc] ==> ignore
    arg [--sysroot=/gpfs/commons/home/cangel/anaconda3/bin/../x86_64-conda-linux-gnu/sysroot] ==> ignore
    arg [--eh-frame-hdr] ==> ignore
    arg [-m] ==> ignore
    arg [elf_x86_64] ==> ignore
    arg [-export-dynamic] ==> ignore
    arg [-dynamic-linker] ==> ignore
    arg [/lib64/ld-linux-x86-64.so.2] ==> ignore
    arg [-o] ==> ignore
    arg [cmTC_78ed2] ==> ignore
    arg [/gpfs/commons/home/cangel/anaconda3/bin/../x86_64-conda-linux-gnu/sysroot/usr/lib/../lib64/crt1.o] ==> ignore
    arg [/gpfs/commons/home/cangel/anaconda3/bin/../x86_64-conda-linux-gnu/sysroot/usr/lib/../lib64/crti.o] ==> ignore
    arg [/gpfs/commons/home/cangel/anaconda3/bin/../lib/gcc/x86_64-conda-linux-gnu/11.2.0/crtbegin.o] ==> ignore
    arg [-L/gpfs/commons/home/cangel/anaconda3/lib] ==> dir [/gpfs/commons/home/cangel/anaconda3/lib]
    arg [-L/gpfs/commons/home/cangel/anaconda3/bin/../lib/gcc/x86_64-conda-linux-gnu/11.2.0] ==> dir [/gpfs/commons/home/cangel/anaconda3/bin/../lib/gcc/x86_64-conda-linux-gnu/11.2.0]
    arg [-L/gpfs/commons/home/cangel/anaconda3/bin/../lib/gcc] ==> dir [/gpfs/commons/home/cangel/anaconda3/bin/../lib/gcc]
    arg [-L/gpfs/commons/home/cangel/anaconda3/bin/../lib/gcc/x86_64-conda-linux-gnu/11.2.0/../../../../x86_64-conda-linux-gnu/lib/../lib64] ==> dir [/gpfs/commons/home/cangel/anaconda3/bin/../lib/gcc/x86_64-conda-linux-gnu/11.2.0/../../../../x86_64-conda-linux-gnu/lib/../lib64]
    arg [-L/gpfs/commons/home/cangel/anaconda3/bin/../x86_64-conda-linux-gnu/sysroot/lib/../lib64] ==> dir [/gpfs/commons/home/cangel/anaconda3/bin/../x86_64-conda-linux-gnu/sysroot/lib/../lib64]
    arg [-L/gpfs/commons/home/cangel/anaconda3/bin/../x86_64-conda-linux-gnu/sysroot/usr/lib/../lib64] ==> dir [/gpfs/commons/home/cangel/anaconda3/bin/../x86_64-conda-linux-gnu/sysroot/usr/lib/../lib64]
    arg [-L/gpfs/commons/home/cangel/anaconda3/bin/../lib/gcc/x86_64-conda-linux-gnu/11.2.0/../../../../x86_64-conda-linux-gnu/lib] ==> dir [/gpfs/commons/home/cangel/anaconda3/bin/../lib/gcc/x86_64-conda-linux-gnu/11.2.0/../../../../x86_64-conda-linux-gnu/lib]
    arg [-L/gpfs/commons/home/cangel/anaconda3/bin/../x86_64-conda-linux-gnu/sysroot/lib] ==> dir [/gpfs/commons/home/cangel/anaconda3/bin/../x86_64-conda-linux-gnu/sysroot/lib]
    arg [-L/gpfs/commons/home/cangel/anaconda3/bin/../x86_64-conda-linux-gnu/sysroot/usr/lib] ==> dir [/gpfs/commons/home/cangel/anaconda3/bin/../x86_64-conda-linux-gnu/sysroot/usr/lib]
    arg [-rpath] ==> ignore
    arg [/gpfs/commons/home/cangel/anaconda3/lib] ==> ignore
    arg [-O2] ==> ignore
    arg [--sort-common] ==> ignore
    arg [--as-needed] ==> ignore
    arg [-zrelro] ==> ignore
    arg [-znow] ==> ignore
    arg [--disable-new-dtags] ==> ignore
    arg [--gc-sections] ==> ignore
    arg [-rpath] ==> ignore
    arg [/gpfs/commons/home/cangel/anaconda3/lib] ==> ignore
    arg [-rpath-link] ==> ignore
    arg [/gpfs/commons/home/cangel/anaconda3/lib] ==> ignore
    arg [CMakeFiles/cmTC_78ed2.dir/CMakeCXXCompilerABI.cpp.o] ==> ignore
    arg [-lstdc++] ==> lib [stdc++]
    arg [-lm] ==> lib [m]
    arg [-lgcc_s] ==> lib [gcc_s]
    arg [-lgcc] ==> lib [gcc]
    arg [-lc] ==> lib [c]
    arg [-lgcc_s] ==> lib [gcc_s]
    arg [-lgcc] ==> lib [gcc]
    arg [/gpfs/commons/home/cangel/anaconda3/bin/../lib/gcc/x86_64-conda-linux-gnu/11.2.0/crtend.o] ==> ignore
    arg [/gpfs/commons/home/cangel/anaconda3/bin/../x86_64-conda-linux-gnu/sysroot/usr/lib/../lib64/crtn.o] ==> ignore
  remove lib [gcc_s]
  remove lib [gcc]
  remove lib [gcc_s]
  remove lib [gcc]
  collapse library dir [/gpfs/commons/home/cangel/anaconda3/lib] ==> [/gpfs/commons/home/cangel/anaconda3/lib]
  collapse library dir [/gpfs/commons/home/cangel/anaconda3/bin/../lib/gcc/x86_64-conda-linux-gnu/11.2.0] ==> [/gpfs/commons/home/cangel/anaconda3/lib/gcc/x86_64-conda-linux-gnu/11.2.0]
  collapse library dir [/gpfs/commons/home/cangel/anaconda3/bin/../lib/gcc] ==> [/gpfs/commons/home/cangel/anaconda3/lib/gcc]
  collapse library dir [/gpfs/commons/home/cangel/anaconda3/bin/../lib/gcc/x86_64-conda-linux-gnu/11.2.0/../../../../x86_64-conda-linux-gnu/lib/../lib64] ==> [/gpfs/commons/home/cangel/anaconda3/x86_64-conda-linux-gnu/lib64]
  collapse library dir [/gpfs/commons/home/cangel/anaconda3/bin/../x86_64-conda-linux-gnu/sysroot/lib/../lib64] ==> [/gpfs/commons/home/cangel/anaconda3/x86_64-conda-linux-gnu/sysroot/lib64]
  collapse library dir [/gpfs/commons/home/cangel/anaconda3/bin/../x86_64-conda-linux-gnu/sysroot/usr/lib/../lib64] ==> [/gpfs/commons/home/cangel/anaconda3/x86_64-conda-linux-gnu/sysroot/usr/lib64]
  collapse library dir [/gpfs/commons/home/cangel/anaconda3/bin/../lib/gcc/x86_64-conda-linux-gnu/11.2.0/../../../../x86_64-conda-linux-gnu/lib] ==> [/gpfs/commons/home/cangel/anaconda3/x86_64-conda-linux-gnu/lib]
  collapse library dir [/gpfs/commons/home/cangel/anaconda3/bin/../x86_64-conda-linux-gnu/sysroot/lib] ==> [/gpfs/commons/home/cangel/anaconda3/x86_64-conda-linux-gnu/sysroot/lib]
  collapse library dir [/gpfs/commons/home/cangel/anaconda3/bin/../x86_64-conda-linux-gnu/sysroot/usr/lib] ==> [/gpfs/commons/home/cangel/anaconda3/x86_64-conda-linux-gnu/sysroot/usr/lib]
  implicit libs: [stdc++;m;c]
  implicit dirs: [/gpfs/commons/home/cangel/anaconda3/lib;/gpfs/commons/home/cangel/anaconda3/lib/gcc/x86_64-conda-linux-gnu/11.2.0;/gpfs/commons/home/cangel/anaconda3/lib/gcc;/gpfs/commons/home/cangel/anaconda3/x86_64-conda-linux-gnu/lib64;/gpfs/commons/home/cangel/anaconda3/x86_64-conda-linux-gnu/sysroot/lib64;/gpfs/commons/home/cangel/anaconda3/x86_64-conda-linux-gnu/sysroot/usr/lib64;/gpfs/commons/home/cangel/anaconda3/x86_64-conda-linux-gnu/lib;/gpfs/commons/home/cangel/anaconda3/x86_64-conda-linux-gnu/sysroot/lib;/gpfs/commons/home/cangel/anaconda3/x86_64-conda-linux-gnu/sysroot/usr/lib]
  implicit fwks: []




Detecting CXX [-std=c++1z] compiler features compiled with the following output:
Change Dir: /gpfs/commons/home/cangel/g2lab/projects/01_12_23_highResolutionHiC/scripts/C++/pcSAC_debug_101223/build/CMakeFiles/CMakeTmp

Run Build Command:"/usr/bin/gmake" "cmTC_c0b2a/fast"
/usr/bin/gmake -f CMakeFiles/cmTC_c0b2a.dir/build.make CMakeFiles/cmTC_c0b2a.dir/build
gmake[1]: Entering directory `/gpfs/commons/groups/gursoy_lab/cangel/projects/01_12_23_highResolutionHiC/scripts/C++/pcSAC_debug_101223/build/CMakeFiles/CMakeTmp'
Building CXX object CMakeFiles/cmTC_c0b2a.dir/feature_tests.cxx.o
/gpfs/commons/home/cangel/anaconda3/bin/x86_64-conda-linux-gnu-c++    -fvisibility-inlines-hidden -std=c++17 -fmessage-length=0 -march=nocona -mtune=haswell -ftree-vectorize -fPIC -fstack-protector-strong -fno-plt -O2 -ffunction-sections -pipe -isystem /gpfs/commons/home/cangel/anaconda3/include    -std=c++1z -o CMakeFiles/cmTC_c0b2a.dir/feature_tests.cxx.o -c /gpfs/commons/home/cangel/g2lab/projects/01_12_23_highResolutionHiC/scripts/C++/pcSAC_debug_101223/build/CMakeFiles/feature_tests.cxx
Linking CXX executable cmTC_c0b2a
/nfs/sw/cmake/cmake-3.8.0/bin/cmake -E cmake_link_script CMakeFiles/cmTC_c0b2a.dir/link.txt --verbose=1
/gpfs/commons/home/cangel/anaconda3/bin/x86_64-conda-linux-gnu-c++  -fvisibility-inlines-hidden -std=c++17 -fmessage-length=0 -march=nocona -mtune=haswell -ftree-vectorize -fPIC -fstack-protector-strong -fno-plt -O2 -ffunction-sections -pipe -isystem /gpfs/commons/home/cangel/anaconda3/include   -Wl,-O2 -Wl,--sort-common -Wl,--as-needed -Wl,-z,relro -Wl,-z,now -Wl,--disable-new-dtags -Wl,--gc-sections -Wl,-rpath,/gpfs/commons/home/cangel/anaconda3/lib -Wl,-rpath-link,/gpfs/commons/home/cangel/anaconda3/lib -L/gpfs/commons/home/cangel/anaconda3/lib  -rdynamic CMakeFiles/cmTC_c0b2a.dir/feature_tests.cxx.o  -o cmTC_c0b2a 
gmake[1]: Leaving directory `/gpfs/commons/groups/gursoy_lab/cangel/projects/01_12_23_highResolutionHiC/scripts/C++/pcSAC_debug_101223/build/CMakeFiles/CMakeTmp'


    Feature record: CXX_FEATURE:1cxx_aggregate_default_initializers
    Feature record: CXX_FEATURE:1cxx_alias_templates
    Feature record: CXX_FEATURE:1cxx_alignas
    Feature record: CXX_FEATURE:1cxx_alignof
    Feature record: CXX_FEATURE:1cxx_attributes
    Feature record: CXX_FEATURE:1cxx_attribute_deprecated
    Feature record: CXX_FEATURE:1cxx_auto_type
    Feature record: CXX_FEATURE:1cxx_binary_literals
    Feature record: CXX_FEATURE:1cxx_constexpr
    Feature record: CXX_FEATURE:1cxx_contextual_conversions
    Feature record: CXX_FEATURE:1cxx_decltype
    Feature record: CXX_FEATURE:1cxx_decltype_auto
    Feature record: CXX_FEATURE:1cxx_decltype_incomplete_return_types
    Feature record: CXX_FEATURE:1cxx_default_function_template_args
    Feature record: CXX_FEATURE:1cxx_defaulted_functions
    Feature record: CXX_FEATURE:1cxx_defaulted_move_initializers
    Feature record: CXX_FEATURE:1cxx_delegating_constructors
    Feature record: CXX_FEATURE:1cxx_deleted_functions
    Feature record: CXX_FEATURE:1cxx_digit_separators
    Feature record: CXX_FEATURE:1cxx_enum_forward_declarations
    Feature record: CXX_FEATURE:1cxx_explicit_conversions
    Feature record: CXX_FEATURE:1cxx_extended_friend_declarations
    Feature record: CXX_FEATURE:1cxx_extern_templates
    Feature record: CXX_FEATURE:1cxx_final
    Feature record: CXX_FEATURE:1cxx_func_identifier
    Feature record: CXX_FEATURE:1cxx_generalized_initializers
    Feature record: CXX_FEATURE:1cxx_generic_lambdas
    Feature record: CXX_FEATURE:1cxx_inheriting_constructors
    Feature record: CXX_FEATURE:1cxx_inline_namespaces
    Feature record: CXX_FEATURE:1cxx_lambdas
    Feature record: CXX_FEATURE:1cxx_lambda_init_captures
    Feature record: CXX_FEATURE:1cxx_local_type_template_args
    Feature record: CXX_FEATURE:1cxx_long_long_type
    Feature record: CXX_FEATURE:1cxx_noexcept
    Feature record: CXX_FEATURE:1cxx_nonstatic_member_init
    Feature record: CXX_FEATURE:1cxx_nullptr
    Feature record: CXX_FEATURE:1cxx_override
    Feature record: CXX_FEATURE:1cxx_range_for
    Feature record: CXX_FEATURE:1cxx_raw_string_literals
    Feature record: CXX_FEATURE:1cxx_reference_qualified_functions
    Feature record: CXX_FEATURE:1cxx_relaxed_constexpr
    Feature record: CXX_FEATURE:1cxx_return_type_deduction
    Feature record: CXX_FEATURE:1cxx_right_angle_brackets
    Feature record: CXX_FEATURE:1cxx_rvalue_references
    Feature record: CXX_FEATURE:1cxx_sizeof_member
    Feature record: CXX_FEATURE:1cxx_static_assert
    Feature record: CXX_FEATURE:1cxx_strong_enums
    Feature record: CXX_FEATURE:1cxx_template_template_parameters
    Feature record: CXX_FEATURE:1cxx_thread_local
    Feature record: CXX_FEATURE:1cxx_trailing_return_types
    Feature record: CXX_FEATURE:1cxx_unicode_literals
    Feature record: CXX_FEATURE:1cxx_uniform_initialization
    Feature record: CXX_FEATURE:1cxx_unrestricted_unions
    Feature record: CXX_FEATURE:1cxx_user_literals
    Feature record: CXX_FEATURE:1cxx_variable_templates
    Feature record: CXX_FEATURE:1cxx_variadic_macros
    Feature record: CXX_FEATURE:1cxx_variadic_templates


Detecting CXX [-std=c++14] compiler features compiled with the following output:
Change Dir: /gpfs/commons/home/cangel/g2lab/projects/01_12_23_highResolutionHiC/scripts/C++/pcSAC_debug_101223/build/CMakeFiles/CMakeTmp

Run Build Command:"/usr/bin/gmake" "cmTC_f117b/fast"
/usr/bin/gmake -f CMakeFiles/cmTC_f117b.dir/build.make CMakeFiles/cmTC_f117b.dir/build
gmake[1]: Entering directory `/gpfs/commons/groups/gursoy_lab/cangel/projects/01_12_23_highResolutionHiC/scripts/C++/pcSAC_debug_101223/build/CMakeFiles/CMakeTmp'
Building CXX object CMakeFiles/cmTC_f117b.dir/feature_tests.cxx.o
/gpfs/commons/home/cangel/anaconda3/bin/x86_64-conda-linux-gnu-c++    -fvisibility-inlines-hidden -std=c++17 -fmessage-length=0 -march=nocona -mtune=haswell -ftree-vectorize -fPIC -fstack-protector-strong -fno-plt -O2 -ffunction-sections -pipe -isystem /gpfs/commons/home/cangel/anaconda3/include    -std=c++14 -o CMakeFiles/cmTC_f117b.dir/feature_tests.cxx.o -c /gpfs/commons/home/cangel/g2lab/projects/01_12_23_highResolutionHiC/scripts/C++/pcSAC_debug_101223/build/CMakeFiles/feature_tests.cxx
Linking CXX executable cmTC_f117b
/nfs/sw/cmake/cmake-3.8.0/bin/cmake -E cmake_link_script CMakeFiles/cmTC_f117b.dir/link.txt --verbose=1
/gpfs/commons/home/cangel/anaconda3/bin/x86_64-conda-linux-gnu-c++  -fvisibility-inlines-hidden -std=c++17 -fmessage-length=0 -march=nocona -mtune=haswell -ftree-vectorize -fPIC -fstack-protector-strong -fno-plt -O2 -ffunction-sections -pipe -isystem /gpfs/commons/home/cangel/anaconda3/include   -Wl,-O2 -Wl,--sort-common -Wl,--as-needed -Wl,-z,relro -Wl,-z,now -Wl,--disable-new-dtags -Wl,--gc-sections -Wl,-rpath,/gpfs/commons/home/cangel/anaconda3/lib -Wl,-rpath-link,/gpfs/commons/home/cangel/anaconda3/lib -L/gpfs/commons/home/cangel/anaconda3/lib  -rdynamic CMakeFiles/cmTC_f117b.dir/feature_tests.cxx.o  -o cmTC_f117b 
gmake[1]: Leaving directory `/gpfs/commons/groups/gursoy_lab/cangel/projects/01_12_23_highResolutionHiC/scripts/C++/pcSAC_debug_101223/build/CMakeFiles/CMakeTmp'


    Feature record: CXX_FEATURE:1cxx_aggregate_default_initializers
    Feature record: CXX_FEATURE:1cxx_alias_templates
    Feature record: CXX_FEATURE:1cxx_alignas
    Feature record: CXX_FEATURE:1cxx_alignof
    Feature record: CXX_FEATURE:1cxx_attributes
    Feature record: CXX_FEATURE:1cxx_attribute_deprecated
    Feature record: CXX_FEATURE:1cxx_auto_type
    Feature record: CXX_FEATURE:1cxx_binary_literals
    Feature record: CXX_FEATURE:1cxx_constexpr
    Feature record: CXX_FEATURE:1cxx_contextual_conversions
    Feature record: CXX_FEATURE:1cxx_decltype
    Feature record: CXX_FEATURE:1cxx_decltype_auto
    Feature record: CXX_FEATURE:1cxx_decltype_incomplete_return_types
    Feature record: CXX_FEATURE:1cxx_default_function_template_args
    Feature record: CXX_FEATURE:1cxx_defaulted_functions
    Feature record: CXX_FEATURE:1cxx_defaulted_move_initializers
    Feature record: CXX_FEATURE:1cxx_delegating_constructors
    Feature record: CXX_FEATURE:1cxx_deleted_functions
    Feature record: CXX_FEATURE:1cxx_digit_separators
    Feature record: CXX_FEATURE:1cxx_enum_forward_declarations
    Feature record: CXX_FEATURE:1cxx_explicit_conversions
    Feature record: CXX_FEATURE:1cxx_extended_friend_declarations
    Feature record: CXX_FEATURE:1cxx_extern_templates
    Feature record: CXX_FEATURE:1cxx_final
    Feature record: CXX_FEATURE:1cxx_func_identifier
    Feature record: CXX_FEATURE:1cxx_generalized_initializers
    Feature record: CXX_FEATURE:1cxx_generic_lambdas
    Feature record: CXX_FEATURE:1cxx_inheriting_constructors
    Feature record: CXX_FEATURE:1cxx_inline_namespaces
    Feature record: CXX_FEATURE:1cxx_lambdas
    Feature record: CXX_FEATURE:1cxx_lambda_init_captures
    Feature record: CXX_FEATURE:1cxx_local_type_template_args
    Feature record: CXX_FEATURE:1cxx_long_long_type
    Feature record: CXX_FEATURE:1cxx_noexcept
    Feature record: CXX_FEATURE:1cxx_nonstatic_member_init
    Feature record: CXX_FEATURE:1cxx_nullptr
    Feature record: CXX_FEATURE:1cxx_override
    Feature record: CXX_FEATURE:1cxx_range_for
    Feature record: CXX_FEATURE:1cxx_raw_string_literals
    Feature record: CXX_FEATURE:1cxx_reference_qualified_functions
    Feature record: CXX_FEATURE:1cxx_relaxed_constexpr
    Feature record: CXX_FEATURE:1cxx_return_type_deduction
    Feature record: CXX_FEATURE:1cxx_right_angle_brackets
    Feature record: CXX_FEATURE:1cxx_rvalue_references
    Feature record: CXX_FEATURE:1cxx_sizeof_member
    Feature record: CXX_FEATURE:1cxx_static_assert
    Feature record: CXX_FEATURE:1cxx_strong_enums
    Feature record: CXX_FEATURE:1cxx_template_template_parameters
    Feature record: CXX_FEATURE:1cxx_thread_local
    Feature record: CXX_FEATURE:1cxx_trailing_return_types
    Feature record: CXX_FEATURE:1cxx_unicode_literals
    Feature record: CXX_FEATURE:1cxx_uniform_initialization
    Feature record: CXX_FEATURE:1cxx_unrestricted_unions
    Feature record: CXX_FEATURE:1cxx_user_literals
    Feature record: CXX_FEATURE:1cxx_variable_templates
    Feature record: CXX_FEATURE:1cxx_variadic_macros
    Feature record: CXX_FEATURE:1cxx_variadic_templates


Detecting CXX [-std=c++11] compiler features compiled with the following output:
Change Dir: /gpfs/commons/home/cangel/g2lab/projects/01_12_23_highResolutionHiC/scripts/C++/pcSAC_debug_101223/build/CMakeFiles/CMakeTmp

Run Build Command:"/usr/bin/gmake" "cmTC_51c0f/fast"
/usr/bin/gmake -f CMakeFiles/cmTC_51c0f.dir/build.make CMakeFiles/cmTC_51c0f.dir/build
gmake[1]: Entering directory `/gpfs/commons/groups/gursoy_lab/cangel/projects/01_12_23_highResolutionHiC/scripts/C++/pcSAC_debug_101223/build/CMakeFiles/CMakeTmp'
Building CXX object CMakeFiles/cmTC_51c0f.dir/feature_tests.cxx.o
/gpfs/commons/home/cangel/anaconda3/bin/x86_64-conda-linux-gnu-c++    -fvisibility-inlines-hidden -std=c++17 -fmessage-length=0 -march=nocona -mtune=haswell -ftree-vectorize -fPIC -fstack-protector-strong -fno-plt -O2 -ffunction-sections -pipe -isystem /gpfs/commons/home/cangel/anaconda3/include    -std=c++11 -o CMakeFiles/cmTC_51c0f.dir/feature_tests.cxx.o -c /gpfs/commons/home/cangel/g2lab/projects/01_12_23_highResolutionHiC/scripts/C++/pcSAC_debug_101223/build/CMakeFiles/feature_tests.cxx
Linking CXX executable cmTC_51c0f
/nfs/sw/cmake/cmake-3.8.0/bin/cmake -E cmake_link_script CMakeFiles/cmTC_51c0f.dir/link.txt --verbose=1
/gpfs/commons/home/cangel/anaconda3/bin/x86_64-conda-linux-gnu-c++  -fvisibility-inlines-hidden -std=c++17 -fmessage-length=0 -march=nocona -mtune=haswell -ftree-vectorize -fPIC -fstack-protector-strong -fno-plt -O2 -ffunction-sections -pipe -isystem /gpfs/commons/home/cangel/anaconda3/include   -Wl,-O2 -Wl,--sort-common -Wl,--as-needed -Wl,-z,relro -Wl,-z,now -Wl,--disable-new-dtags -Wl,--gc-sections -Wl,-rpath,/gpfs/commons/home/cangel/anaconda3/lib -Wl,-rpath-link,/gpfs/commons/home/cangel/anaconda3/lib -L/gpfs/commons/home/cangel/anaconda3/lib  -rdynamic CMakeFiles/cmTC_51c0f.dir/feature_tests.cxx.o  -o cmTC_51c0f 
gmake[1]: Leaving directory `/gpfs/commons/groups/gursoy_lab/cangel/projects/01_12_23_highResolutionHiC/scripts/C++/pcSAC_debug_101223/build/CMakeFiles/CMakeTmp'


    Feature record: CXX_FEATURE:0cxx_aggregate_default_initializers
    Feature record: CXX_FEATURE:1cxx_alias_templates
    Feature record: CXX_FEATURE:1cxx_alignas
    Feature record: CXX_FEATURE:1cxx_alignof
    Feature record: CXX_FEATURE:1cxx_attributes
    Feature record: CXX_FEATURE:0cxx_attribute_deprecated
    Feature record: CXX_FEATURE:1cxx_auto_type
    Feature record: CXX_FEATURE:0cxx_binary_literals
    Feature record: CXX_FEATURE:1cxx_constexpr
    Feature record: CXX_FEATURE:0cxx_contextual_conversions
    Feature record: CXX_FEATURE:1cxx_decltype
    Feature record: CXX_FEATURE:0cxx_decltype_auto
    Feature record: CXX_FEATURE:1cxx_decltype_incomplete_return_types
    Feature record: CXX_FEATURE:1cxx_default_function_template_args
    Feature record: CXX_FEATURE:1cxx_defaulted_functions
    Feature record: CXX_FEATURE:1cxx_defaulted_move_initializers
    Feature record: CXX_FEATURE:1cxx_delegating_constructors
    Feature record: CXX_FEATURE:1cxx_deleted_functions
    Feature record: CXX_FEATURE:0cxx_digit_separators
    Feature record: CXX_FEATURE:1cxx_enum_forward_declarations
    Feature record: CXX_FEATURE:1cxx_explicit_conversions
    Feature record: CXX_FEATURE:1cxx_extended_friend_declarations
    Feature record: CXX_FEATURE:1cxx_extern_templates
    Feature record: CXX_FEATURE:1cxx_final
    Feature record: CXX_FEATURE:1cxx_func_identifier
    Feature record: CXX_FEATURE:1cxx_generalized_initializers
    Feature record: CXX_FEATURE:0cxx_generic_lambdas
    Feature record: CXX_FEATURE:1cxx_inheriting_constructors
    Feature record: CXX_FEATURE:1cxx_inline_namespaces
    Feature record: CXX_FEATURE:1cxx_lambdas
    Feature record: CXX_FEATURE:0cxx_lambda_init_captures
    Feature record: CXX_FEATURE:1cxx_local_type_template_args
    Feature record: CXX_FEATURE:1cxx_long_long_type
    Feature record: CXX_FEATURE:1cxx_noexcept
    Feature record: CXX_FEATURE:1cxx_nonstatic_member_init
    Feature record: CXX_FEATURE:1cxx_nullptr
    Feature record: CXX_FEATURE:1cxx_override
    Feature record: CXX_FEATURE:1cxx_range_for
    Feature record: CXX_FEATURE:1cxx_raw_string_literals
    Feature record: CXX_FEATURE:1cxx_reference_qualified_functions
    Feature record: CXX_FEATURE:0cxx_relaxed_constexpr
    Feature record: CXX_FEATURE:0cxx_return_type_deduction
    Feature record: CXX_FEATURE:1cxx_right_angle_brackets
    Feature record: CXX_FEATURE:1cxx_rvalue_references
    Feature record: CXX_FEATURE:1cxx_sizeof_member
    Feature record: CXX_FEATURE:1cxx_static_assert
    Feature record: CXX_FEATURE:1cxx_strong_enums
    Feature record: CXX_FEATURE:1cxx_template_template_parameters
    Feature record: CXX_FEATURE:1cxx_thread_local
    Feature record: CXX_FEATURE:1cxx_trailing_return_types
    Feature record: CXX_FEATURE:1cxx_unicode_literals
    Feature record: CXX_FEATURE:1cxx_uniform_initialization
    Feature record: CXX_FEATURE:1cxx_unrestricted_unions
    Feature record: CXX_FEATURE:1cxx_user_literals
    Feature record: CXX_FEATURE:0cxx_variable_templates
    Feature record: CXX_FEATURE:1cxx_variadic_macros
    Feature record: CXX_FEATURE:1cxx_variadic_templates


Detecting CXX [-std=c++98] compiler features compiled with the following output:
Change Dir: /gpfs/commons/home/cangel/g2lab/projects/01_12_23_highResolutionHiC/scripts/C++/pcSAC_debug_101223/build/CMakeFiles/CMakeTmp

Run Build Command:"/usr/bin/gmake" "cmTC_0090f/fast"
/usr/bin/gmake -f CMakeFiles/cmTC_0090f.dir/build.make CMakeFiles/cmTC_0090f.dir/build
gmake[1]: Entering directory `/gpfs/commons/groups/gursoy_lab/cangel/projects/01_12_23_highResolutionHiC/scripts/C++/pcSAC_debug_101223/build/CMakeFiles/CMakeTmp'
Building CXX object CMakeFiles/cmTC_0090f.dir/feature_tests.cxx.o
/gpfs/commons/home/cangel/anaconda3/bin/x86_64-conda-linux-gnu-c++    -fvisibility-inlines-hidden -std=c++17 -fmessage-length=0 -march=nocona -mtune=haswell -ftree-vectorize -fPIC -fstack-protector-strong -fno-plt -O2 -ffunction-sections -pipe -isystem /gpfs/commons/home/cangel/anaconda3/include    -std=c++98 -o CMakeFiles/cmTC_0090f.dir/feature_tests.cxx.o -c /gpfs/commons/home/cangel/g2lab/projects/01_12_23_highResolutionHiC/scripts/C++/pcSAC_debug_101223/build/CMakeFiles/feature_tests.cxx
Linking CXX executable cmTC_0090f
/nfs/sw/cmake/cmake-3.8.0/bin/cmake -E cmake_link_script CMakeFiles/cmTC_0090f.dir/link.txt --verbose=1
/gpfs/commons/home/cangel/anaconda3/bin/x86_64-conda-linux-gnu-c++  -fvisibility-inlines-hidden -std=c++17 -fmessage-length=0 -march=nocona -mtune=haswell -ftree-vectorize -fPIC -fstack-protector-strong -fno-plt -O2 -ffunction-sections -pipe -isystem /gpfs/commons/home/cangel/anaconda3/include   -Wl,-O2 -Wl,--sort-common -Wl,--as-needed -Wl,-z,relro -Wl,-z,now -Wl,--disable-new-dtags -Wl,--gc-sections -Wl,-rpath,/gpfs/commons/home/cangel/anaconda3/lib -Wl,-rpath-link,/gpfs/commons/home/cangel/anaconda3/lib -L/gpfs/commons/home/cangel/anaconda3/lib  -rdynamic CMakeFiles/cmTC_0090f.dir/feature_tests.cxx.o  -o cmTC_0090f 
gmake[1]: Leaving directory `/gpfs/commons/groups/gursoy_lab/cangel/projects/01_12_23_highResolutionHiC/scripts/C++/pcSAC_debug_101223/build/CMakeFiles/CMakeTmp'


    Feature record: CXX_FEATURE:0cxx_aggregate_default_initializers
    Feature record: CXX_FEATURE:0cxx_alias_templates
    Feature record: CXX_FEATURE:0cxx_alignas
    Feature record: CXX_FEATURE:0cxx_alignof
    Feature record: CXX_FEATURE:0cxx_attributes
    Feature record: CXX_FEATURE:0cxx_attribute_deprecated
    Feature record: CXX_FEATURE:0cxx_auto_type
    Feature record: CXX_FEATURE:0cxx_binary_literals
    Feature record: CXX_FEATURE:0cxx_constexpr
    Feature record: CXX_FEATURE:0cxx_contextual_conversions
    Feature record: CXX_FEATURE:0cxx_decltype
    Feature record: CXX_FEATURE:0cxx_decltype_auto
    Feature record: CXX_FEATURE:0cxx_decltype_incomplete_return_types
    Feature record: CXX_FEATURE:0cxx_default_function_template_args
    Feature record: CXX_FEATURE:0cxx_defaulted_functions
    Feature record: CXX_FEATURE:0cxx_defaulted_move_initializers
    Feature record: CXX_FEATURE:0cxx_delegating_constructors
    Feature record: CXX_FEATURE:0cxx_deleted_functions
    Feature record: CXX_FEATURE:0cxx_digit_separators
    Feature record: CXX_FEATURE:0cxx_enum_forward_declarations
    Feature record: CXX_FEATURE:0cxx_explicit_conversions
    Feature record: CXX_FEATURE:0cxx_extended_friend_declarations
    Feature record: CXX_FEATURE:0cxx_extern_templates
    Feature record: CXX_FEATURE:0cxx_final
    Feature record: CXX_FEATURE:0cxx_func_identifier
    Feature record: CXX_FEATURE:0cxx_generalized_initializers
    Feature record: CXX_FEATURE:0cxx_generic_lambdas
    Feature record: CXX_FEATURE:0cxx_inheriting_constructors
    Feature record: CXX_FEATURE:0cxx_inline_namespaces
    Feature record: CXX_FEATURE:0cxx_lambdas
    Feature record: CXX_FEATURE:0cxx_lambda_init_captures
    Feature record: CXX_FEATURE:0cxx_local_type_template_args
    Feature record: CXX_FEATURE:0cxx_long_long_type
    Feature record: CXX_FEATURE:0cxx_noexcept
    Feature record: CXX_FEATURE:0cxx_nonstatic_member_init
    Feature record: CXX_FEATURE:0cxx_nullptr
    Feature record: CXX_FEATURE:0cxx_override
    Feature record: CXX_FEATURE:0cxx_range_for
    Feature record: CXX_FEATURE:0cxx_raw_string_literals
    Feature record: CXX_FEATURE:0cxx_reference_qualified_functions
    Feature record: CXX_FEATURE:0cxx_relaxed_constexpr
    Feature record: CXX_FEATURE:0cxx_return_type_deduction
    Feature record: CXX_FEATURE:0cxx_right_angle_brackets
    Feature record: CXX_FEATURE:0cxx_rvalue_references
    Feature record: CXX_FEATURE:0cxx_sizeof_member
    Feature record: CXX_FEATURE:0cxx_static_assert
    Feature record: CXX_FEATURE:0cxx_strong_enums
    Feature record: CXX_FEATURE:1cxx_template_template_parameters
    Feature record: CXX_FEATURE:0cxx_thread_local
    Feature record: CXX_FEATURE:0cxx_trailing_return_types
    Feature record: CXX_FEATURE:0cxx_unicode_literals
    Feature record: CXX_FEATURE:0cxx_uniform_initialization
    Feature record: CXX_FEATURE:0cxx_unrestricted_unions
    Feature record: CXX_FEATURE:0cxx_user_literals
    Feature record: CXX_FEATURE:0cxx_variable_templates
    Feature record: CXX_FEATURE:0cxx_variadic_macros
    Feature record: CXX_FEATURE:0cxx_variadic_templates
